Log file open, 09/18/19 10:05:20
LogWindows: Failed to load 'aqProf.dll' (GetLastError=126)
LogWindows: File 'aqProf.dll' does not exist
LogWindows: Failed to load 'VtuneApi.dll' (GetLastError=126)
LogWindows: File 'VtuneApi.dll' does not exist
LogWindows: Failed to load 'VtuneApi32e.dll' (GetLastError=126)
LogWindows: File 'VtuneApi32e.dll' does not exist
LogConsoleResponse: Display: Failed to find resolution value strings in scalability ini. Falling back to default.
LogInit: Display: Running engine for game: Ball
LogPlatformFile: Not using cached read wrapper
LogTaskGraph: Started task graph with 5 named threads and 23 total threads with 3 sets of task threads.
LogStats: Stats thread started at 0.677838
LogD3D11RHI: Loaded GFSDK_Aftermath_Lib.x64.dll
LogICUInternationalization: ICU TimeZone Detection - Raw Offset: +8:00, Platform Override: ''
LogPluginManager: Mounting plugin Paper2D
LogPluginManager: Mounting plugin AISupport
LogPluginManager: Mounting plugin LightPropagationVolume
LogPluginManager: Mounting plugin ActorLayerUtilities
LogPluginManager: Mounting plugin AnimationSharing
LogPluginManager: Mounting plugin CLionSourceCodeAccess
LogPluginManager: Mounting plugin CodeLiteSourceCodeAccess
LogPluginManager: Mounting plugin GitSourceControl
LogPluginManager: Mounting plugin KDevelopSourceCodeAccess
LogPluginManager: Mounting plugin NullSourceCodeAccess
LogPluginManager: Mounting plugin PerforceSourceControl
LogPluginManager: Mounting plugin SubversionSourceControl
LogPluginManager: Mounting plugin UObjectPlugin
LogPluginManager: Mounting plugin VisualStudioCodeSourceCodeAccess
LogPluginManager: Mounting plugin VisualStudioSourceCodeAccess
LogPluginManager: Mounting plugin XCodeSourceCodeAccess
LogPluginManager: Mounting plugin AssetManagerEditor
LogPluginManager: Mounting plugin CryptoKeys
LogPluginManager: Mounting plugin CurveEditorTools
LogPluginManager: Mounting plugin DataValidation
LogPluginManager: Mounting plugin FacialAnimation
LogPluginManager: Mounting plugin GameplayTagsEditor
LogPluginManager: Mounting plugin MacGraphicsSwitching
LogPluginManager: Mounting plugin MaterialAnalyzer
LogPluginManager: Mounting plugin MobileLauncherProfileWizard
LogPluginManager: Mounting plugin PluginBrowser
LogPluginManager: Mounting plugin SpeedTreeImporter
LogPluginManager: Mounting plugin DatasmithContent
LogPluginManager: Mounting plugin VariantManagerContent
LogPluginManager: Mounting plugin AlembicImporter
LogPluginManager: Mounting plugin AutomationUtils
LogPluginManager: Mounting plugin BackChannel
LogPluginManager: Mounting plugin CharacterAI
LogPluginManager: Mounting plugin GeometryCache
LogPluginManager: Mounting plugin HTML5Networking
LogPluginManager: Mounting plugin PlatformCrypto
LogPluginManager: Mounting plugin ProxyLODPlugin
LogPluginManager: Mounting plugin SkeletalReduction
LogPluginManager: Mounting plugin MagicLeap
LogPluginManager: Mounting plugin MagicLeapMedia
LogPluginManager: Mounting plugin AndroidMedia
LogPluginManager: Mounting plugin AvfMedia
LogPluginManager: Mounting plugin ImgMedia
LogPluginManager: Mounting plugin MediaCompositing
LogPluginManager: Mounting plugin MediaPlayerEditor
LogPluginManager: Mounting plugin WebMMedia
LogPluginManager: Mounting plugin WmfMedia
LogPluginManager: Mounting plugin TcpMessaging
LogPluginManager: Mounting plugin UdpMessaging
LogPluginManager: Mounting plugin ActorSequence
LogPluginManager: Mounting plugin LevelSequenceEditor
LogPluginManager: Mounting plugin MatineeToLevelSequence
LogPluginManager: Mounting plugin NetcodeUnitTest
LogPluginManager: Mounting plugin NUTUnrealEngine4
LogPluginManager: Mounting plugin OnlineSubsystemGooglePlay
LogPluginManager: Mounting plugin OnlineSubsystemIOS
LogPluginManager: Mounting plugin OnlineSubsystem
LogPluginManager: Mounting plugin OnlineSubsystemNull
LogPluginManager: Mounting plugin OnlineSubsystemUtils
LogPluginManager: Mounting plugin LauncherChunkInstaller
LogPluginManager: Mounting plugin AndroidDeviceProfileSelector
LogPluginManager: Mounting plugin AndroidMoviePlayer
LogPluginManager: Mounting plugin AndroidPermission
LogPluginManager: Mounting plugin AppleImageUtils
LogPluginManager: Mounting plugin AppleMoviePlayer
LogPluginManager: Mounting plugin ArchVisCharacter
LogPluginManager: Mounting plugin AudioCapture
LogPluginManager: Mounting plugin CableComponent
LogPluginManager: Mounting plugin CustomMeshComponent
LogPluginManager: Mounting plugin EditableMesh
LogPluginManager: Mounting plugin ExampleDeviceProfileSelector
LogPluginManager: Mounting plugin GoogleCloudMessaging
LogPluginManager: Mounting plugin IOSDeviceProfileSelector
LogPluginManager: Mounting plugin LinuxDeviceProfileSelector
LogPluginManager: Mounting plugin LocationServicesBPLibrary
LogPluginManager: Mounting plugin MobilePatchingUtils
LogPluginManager: Mounting plugin OculusVR
LogPluginManager: Mounting plugin PhysXVehicles
LogPluginManager: Mounting plugin ProceduralMeshComponent
LogPluginManager: Mounting plugin RuntimePhysXCooking
LogPluginManager: Mounting plugin SignificanceManager
LogPluginManager: Mounting plugin SteamVR
LogPluginManager: Mounting plugin WebMMoviePlayer
LogPluginManager: Mounting plugin WindowsMoviePlayer
LogPluginManager: Mounting plugin ScreenshotTools
LogInit: Using libcurl 7.55.1-DEV
LogInit:  - built for x86_64-pc-win32
LogInit:  - supports SSL with OpenSSL/1.1.1
LogInit:  - supports HTTP deflate (compression) using libz 1.2.8
LogInit:  - other features:
LogInit:      CURL_VERSION_SSL
LogInit:      CURL_VERSION_LIBZ
LogInit:      CURL_VERSION_IPV6
LogInit:      CURL_VERSION_ASYNCHDNS
LogInit:      CURL_VERSION_LARGEFILE
LogInit:      CURL_VERSION_IDN
LogInit:  CurlRequestOptions (configurable via config and command line):
LogInit:  - bVerifyPeer = true  - Libcurl will verify peer certificate
LogInit:  - bUseHttpProxy = false  - Libcurl will NOT use HTTP proxy
LogInit:  - bDontReuseConnections = false  - Libcurl will reuse connections
LogInit:  - MaxHostConnections = 16  - Libcurl will limit the number of connections to a host
LogInit:  - LocalHostAddr = Default
LogInit:  - BufferSize = 65536
LogOnline: OSS: Creating online subsystem instance for: NULL
LogInit: WinSock: version 1.1 (2.2), MaxSocks=32767, MaxUdp=65467
LogInit: Build: ++UE4+Release-4.23-CL-8386587
LogInit: Engine Version: 4.23.0-8386587+++UE4+Release-4.23
LogInit: Compatible Engine Version: 4.23.0-8386587+++UE4+Release-4.23
LogInit: Net CL: 8386587
LogInit: OS: Windows 10 (Release 1809) (), CPU: AMD Ryzen 5 2500U with Radeon Vega Mobile Gfx  , GPU: AMD Radeon(TM) Vega 8 Graphics
LogInit: Compiled (64-bit): Aug 31 2019 02:04:44
LogInit: Compiled with Visual C++: 19.16.27030.01
LogInit: Build Configuration: Development
LogInit: Branch Name: ++UE4+Release-4.23
LogInit: Command Line: 
LogInit: Base Directory: C:/Program Files/Epic Games/UE_4.23/Engine/Binaries/Win64/
LogInit: Installed Engine Build: 1
LogDevObjectVersion: Number of dev versions registered: 23
LogDevObjectVersion:   Dev-Blueprints (B0D832E4-1F89-4F0D-ACCF-7EB736FD4AA2): 10
LogDevObjectVersion:   Dev-Build (E1C64328-A22C-4D53-A36C-8E866417BD8C): 0
LogDevObjectVersion:   Dev-Core (375EC13C-06E4-48FB-B500-84F0262A717E): 3
LogDevObjectVersion:   Dev-Editor (E4B068ED-F494-42E9-A231-DA0B2E46BB41): 34
LogDevObjectVersion:   Dev-Framework (CFFC743F-43B0-4480-9391-14DF171D2073): 35
LogDevObjectVersion:   Dev-Mobile (B02B49B5-BB20-44E9-A304-32B752E40360): 2
LogDevObjectVersion:   Dev-Networking (A4E4105C-59A1-49B5-A7C5-40C4547EDFEE): 0
LogDevObjectVersion:   Dev-Online (39C831C9-5AE6-47DC-9A44-9C173E1C8E7C): 0
LogDevObjectVersion:   Dev-Physics (78F01B33-EBEA-4F98-B9B4-84EACCB95AA2): 0
LogDevObjectVersion:   Dev-Platform (6631380F-2D4D-43E0-8009-CF276956A95A): 0
LogDevObjectVersion:   Dev-Rendering (12F88B9F-8875-4AFC-A67C-D90C383ABD29): 31
LogDevObjectVersion:   Dev-Sequencer (7B5AE74C-D270-4C10-A958-57980B212A5A): 11
LogDevObjectVersion:   Dev-VR (D7296918-1DD6-4BDD-9DE2-64A83CC13884): 2
LogDevObjectVersion:   Dev-LoadTimes (C2A15278-BFE7-4AFE-6C17-90FF531DF755): 1
LogDevObjectVersion:   Private-Geometry (6EACA3D4-40EC-4CC1-B786-8BED09428FC5): 3
LogDevObjectVersion:   Dev-AnimPhys (29E575DD-E0A3-4627-9D10-D276232CDCEA): 17
LogDevObjectVersion:   Dev-Anim (AF43A65D-7FD3-4947-9873-3E8ED9C1BB05): 2
LogDevObjectVersion:   Dev-ReflectionCapture (6B266CEC-1EC7-4B8F-A30B-E4D90942FC07): 1
LogDevObjectVersion:   Dev-Automation (0DF73D61-A23F-47EA-B727-89E90C41499A): 1
LogDevObjectVersion:   FortniteMain (601D1886-AC64-4F84-AA16-D3DE0DEAC7D6): 27
LogDevObjectVersion:   Dev-Enterprise (9DFFBCD6-494F-0158-E221-12823C92A888): 6
LogDevObjectVersion:   Dev-Niagara (F2AED0AC-9AFE-416F-8664-AA7FFA26D6FC): 1
LogDevObjectVersion:   Dev-Destruction (174F1F0B-B4C6-45A5-B13F-2EE8D0FB917D): 9
LogInit: Presizing for max 16777216 objects, including 0 objects not considered by GC, pre-allocating 0 bytes for permanent pool.
LogInit: Object subsystem initialized
LogConfig: Setting CVar [[con.DebugEarlyDefault:1]]
LogConfig: Setting CVar [[r.setres:1280x720]]
[2019.09.18-02.05.21:794][  0]LogConfig: Setting CVar [[r.VSync:0]]
[2019.09.18-02.05.21:794][  0]LogConfig: Setting CVar [[r.RHICmdBypass:0]]
[2019.09.18-02.05.21:795][  0]LogConfig: Applying CVar settings from Section [/Script/Engine.RendererSettings] File [C:/Users/76422/Desktop/Ball/UnRealDemo-master 4.23/Saved/Config/Windows/Engine.ini]
[2019.09.18-02.05.21:795][  0]LogConfig: Setting CVar [[r.GPUCrashDebugging:0]]
[2019.09.18-02.05.21:795][  0]LogConfig: Setting CVar [[r.DefaultFeature.AutoExposure.ExtendDefaultLuminanceRange:1]]
[2019.09.18-02.05.21:795][  0]LogConfig: Setting CVar [[r.DefaultFeature.AutoExposure:0]]
[2019.09.18-02.05.21:795][  0]LogConfig: Applying CVar settings from Section [/Script/Engine.RendererOverrideSettings] File [C:/Users/76422/Desktop/Ball/UnRealDemo-master 4.23/Saved/Config/Windows/Engine.ini]
[2019.09.18-02.05.21:795][  0]LogConfig: Applying CVar settings from Section [/Script/Engine.StreamingSettings] File [C:/Users/76422/Desktop/Ball/UnRealDemo-master 4.23/Saved/Config/Windows/Engine.ini]
[2019.09.18-02.05.21:795][  0]LogConfig: Setting CVar [[s.MinBulkDataSizeForAsyncLoading:131072]]
[2019.09.18-02.05.21:795][  0]LogConfig: Setting CVar [[s.AsyncLoadingThreadEnabled:0]]
[2019.09.18-02.05.21:796][  0]LogConfig: Setting CVar [[s.EventDrivenLoaderEnabled:1]]
[2019.09.18-02.05.21:796][  0]LogConfig: Setting CVar [[s.WarnIfTimeLimitExceeded:0]]
[2019.09.18-02.05.21:796][  0]LogConfig: Setting CVar [[s.TimeLimitExceededMultiplier:1.5]]
[2019.09.18-02.05.21:796][  0]LogConfig: Setting CVar [[s.TimeLimitExceededMinTime:0.005]]
[2019.09.18-02.05.21:796][  0]LogConfig: Setting CVar [[s.UseBackgroundLevelStreaming:1]]
[2019.09.18-02.05.21:796][  0]LogConfig: Setting CVar [[s.PriorityAsyncLoadingExtraTime:15.0]]
[2019.09.18-02.05.21:796][  0]LogConfig: Setting CVar [[s.LevelStreamingActorsUpdateTimeLimit:5.0]]
[2019.09.18-02.05.21:796][  0]LogConfig: Setting CVar [[s.PriorityLevelStreamingActorsUpdateExtraTime:5.0]]
[2019.09.18-02.05.21:796][  0]LogConfig: Setting CVar [[s.LevelStreamingComponentsRegistrationGranularity:10]]
[2019.09.18-02.05.21:796][  0]LogConfig: Setting CVar [[s.UnregisterComponentsTimeLimit:1.0]]
[2019.09.18-02.05.21:796][  0]LogConfig: Setting CVar [[s.LevelStreamingComponentsUnregistrationGranularity:5]]
[2019.09.18-02.05.21:796][  0]LogConfig: Applying CVar settings from Section [/Script/Engine.GarbageCollectionSettings] File [C:/Users/76422/Desktop/Ball/UnRealDemo-master 4.23/Saved/Config/Windows/Engine.ini]
[2019.09.18-02.05.21:796][  0]LogConfig: Setting CVar [[gc.MaxObjectsNotConsideredByGC:1]]
[2019.09.18-02.05.21:796][  0]LogConfig: Setting CVar [[gc.SizeOfPermanentObjectPool:0]]
[2019.09.18-02.05.21:796][  0]LogConfig: Setting CVar [[gc.FlushStreamingOnGC:0]]
[2019.09.18-02.05.21:796][  0]LogConfig: Setting CVar [[gc.NumRetriesBeforeForcingGC:10]]
[2019.09.18-02.05.21:796][  0]LogConfig: Setting CVar [[gc.AllowParallelGC:1]]
[2019.09.18-02.05.21:796][  0]LogConfig: Setting CVar [[gc.TimeBetweenPurgingPendingKillObjects:61.1]]
[2019.09.18-02.05.21:796][  0]LogConfig: Setting CVar [[gc.MaxObjectsInEditor:16777216]]
[2019.09.18-02.05.21:796][  0]LogConfig: Setting CVar [[gc.IncrementalBeginDestroyEnabled:1]]
[2019.09.18-02.05.21:796][  0]LogConfig: Setting CVar [[gc.CreateGCClusters:1]]
[2019.09.18-02.05.21:796][  0]LogConfig: Setting CVar [[gc.MinGCClusterSize:5]]
[2019.09.18-02.05.21:796][  0]LogConfig: Setting CVar [[gc.ActorClusteringEnabled:0]]
[2019.09.18-02.05.21:796][  0]LogConfig: Setting CVar [[gc.BlueprintClusteringEnabled:0]]
[2019.09.18-02.05.21:796][  0]LogConfig: Setting CVar [[gc.UseDisregardForGCOnDedicatedServers:0]]
[2019.09.18-02.05.21:796][  0]LogConfig: Applying CVar settings from Section [/Script/Engine.NetworkSettings] File [C:/Users/76422/Desktop/Ball/UnRealDemo-master 4.23/Saved/Config/Windows/Engine.ini]
[2019.09.18-02.05.21:796][  0]LogConfig: Applying CVar settings from Section [/Script/UnrealEd.CookerSettings] File [C:/Users/76422/Desktop/Ball/UnRealDemo-master 4.23/Saved/Config/Windows/Engine.ini]
[2019.09.18-02.05.21:805][  0]LogConfig: Applying CVar settings from Section [ViewDistanceQuality@3] File [C:/Users/76422/Desktop/Ball/UnRealDemo-master 4.23/Saved/Config/Windows/Scalability.ini]
[2019.09.18-02.05.21:805][  0]LogConfig: Setting CVar [[r.SkeletalMeshLODBias:0]]
[2019.09.18-02.05.21:805][  0]LogConfig: Setting CVar [[r.ViewDistanceScale:1.0]]
[2019.09.18-02.05.21:805][  0]LogConfig: Applying CVar settings from Section [AntiAliasingQuality@3] File [C:/Users/76422/Desktop/Ball/UnRealDemo-master 4.23/Saved/Config/Windows/Scalability.ini]
[2019.09.18-02.05.21:805][  0]LogConfig: Setting CVar [[r.PostProcessAAQuality:4]]
[2019.09.18-02.05.21:805][  0]LogConfig: Applying CVar settings from Section [ShadowQuality@3] File [C:/Users/76422/Desktop/Ball/UnRealDemo-master 4.23/Saved/Config/Windows/Scalability.ini]
[2019.09.18-02.05.21:805][  0]LogConfig: Setting CVar [[r.LightFunctionQuality:1]]
[2019.09.18-02.05.21:805][  0]LogConfig: Setting CVar [[r.ShadowQuality:5]]
[2019.09.18-02.05.21:805][  0]LogConfig: Setting CVar [[r.Shadow.CSM.MaxCascades:10]]
[2019.09.18-02.05.21:805][  0]LogConfig: Setting CVar [[r.Shadow.MaxResolution:2048]]
[2019.09.18-02.05.21:805][  0]LogConfig: Setting CVar [[r.Shadow.MaxCSMResolution:2048]]
[2019.09.18-02.05.21:805][  0]LogConfig: Setting CVar [[r.Shadow.RadiusThreshold:0.01]]
[2019.09.18-02.05.21:805][  0]LogConfig: Setting CVar [[r.Shadow.DistanceScale:1.0]]
[2019.09.18-02.05.21:805][  0]LogConfig: Setting CVar [[r.Shadow.CSM.TransitionScale:1.0]]
[2019.09.18-02.05.21:806][  0]LogConfig: Setting CVar [[r.Shadow.PreShadowResolutionFactor:1.0]]
[2019.09.18-02.05.21:806][  0]LogConfig: Setting CVar [[r.DistanceFieldShadowing:1]]
[2019.09.18-02.05.21:806][  0]LogConfig: Setting CVar [[r.DistanceFieldAO:1]]
[2019.09.18-02.05.21:806][  0]LogConfig: Setting CVar [[r.AOQuality:2]]
[2019.09.18-02.05.21:806][  0]LogConfig: Setting CVar [[r.VolumetricFog:1]]
[2019.09.18-02.05.21:806][  0]LogConfig: Setting CVar [[r.VolumetricFog.GridPixelSize:8]]
[2019.09.18-02.05.21:806][  0]LogConfig: Setting CVar [[r.VolumetricFog.GridSizeZ:128]]
[2019.09.18-02.05.21:806][  0]LogConfig: Setting CVar [[r.VolumetricFog.HistoryMissSupersampleCount:4]]
[2019.09.18-02.05.21:806][  0]LogConfig: Setting CVar [[r.LightMaxDrawDistanceScale:1]]
[2019.09.18-02.05.21:806][  0]LogConfig: Setting CVar [[r.CapsuleShadows:1]]
[2019.09.18-02.05.21:806][  0]LogConfig: Applying CVar settings from Section [PostProcessQuality@3] File [C:/Users/76422/Desktop/Ball/UnRealDemo-master 4.23/Saved/Config/Windows/Scalability.ini]
[2019.09.18-02.05.21:806][  0]LogConfig: Setting CVar [[r.MotionBlurQuality:4]]
[2019.09.18-02.05.21:806][  0]LogConfig: Setting CVar [[r.AmbientOcclusionMipLevelFactor:0.4]]
[2019.09.18-02.05.21:806][  0]LogConfig: Setting CVar [[r.AmbientOcclusionMaxQuality:100]]
[2019.09.18-02.05.21:806][  0]LogConfig: Setting CVar [[r.AmbientOcclusionLevels:-1]]
[2019.09.18-02.05.21:806][  0]LogConfig: Setting CVar [[r.AmbientOcclusionRadiusScale:1.0]]
[2019.09.18-02.05.21:806][  0]LogConfig: Setting CVar [[r.DepthOfFieldQuality:2]]
[2019.09.18-02.05.21:806][  0]LogConfig: Setting CVar [[r.RenderTargetPoolMin:400]]
[2019.09.18-02.05.21:806][  0]LogConfig: Setting CVar [[r.LensFlareQuality:2]]
[2019.09.18-02.05.21:806][  0]LogConfig: Setting CVar [[r.SceneColorFringeQuality:1]]
[2019.09.18-02.05.21:806][  0]LogConfig: Setting CVar [[r.EyeAdaptationQuality:2]]
[2019.09.18-02.05.21:806][  0]LogConfig: Setting CVar [[r.BloomQuality:5]]
[2019.09.18-02.05.21:806][  0]LogConfig: Setting CVar [[r.FastBlurThreshold:100]]
[2019.09.18-02.05.21:806][  0]LogConfig: Setting CVar [[r.Upscale.Quality:3]]
[2019.09.18-02.05.21:806][  0]LogConfig: Setting CVar [[r.Tonemapper.GrainQuantization:1]]
[2019.09.18-02.05.21:806][  0]LogConfig: Setting CVar [[r.LightShaftQuality:1]]
[2019.09.18-02.05.21:806][  0]LogConfig: Setting CVar [[r.Filter.SizeScale:1]]
[2019.09.18-02.05.21:806][  0]LogConfig: Setting CVar [[r.Tonemapper.Quality:5]]
[2019.09.18-02.05.21:806][  0]LogConfig: Setting CVar [[r.DOF.Gather.AccumulatorQuality:1        ; higher gathering accumulator quality]]
[2019.09.18-02.05.21:806][  0]LogConfig: Setting CVar [[r.DOF.Gather.PostfilterMethod:1          ; Median3x3 postfilering method]]
[2019.09.18-02.05.21:806][  0]LogConfig: Setting CVar [[r.DOF.Gather.EnableBokehSettings:0       ; no bokeh simulation when gathering]]
[2019.09.18-02.05.21:806][  0]LogConfig: Setting CVar [[r.DOF.Gather.RingCount:4                 ; medium number of samples when gathering]]
[2019.09.18-02.05.21:806][  0]LogConfig: Setting CVar [[r.DOF.Scatter.ForegroundCompositing:1    ; additive foreground scattering]]
[2019.09.18-02.05.21:806][  0]LogConfig: Setting CVar [[r.DOF.Scatter.BackgroundCompositing:2    ; additive background scattering]]
[2019.09.18-02.05.21:806][  0]LogConfig: Setting CVar [[r.DOF.Scatter.EnableBokehSettings:1      ; bokeh simulation when scattering]]
[2019.09.18-02.05.21:806][  0]LogConfig: Setting CVar [[r.DOF.Scatter.MaxSpriteRatio:0.1         ; only a maximum of 10% of scattered bokeh]]
[2019.09.18-02.05.21:806][  0]LogConfig: Setting CVar [[r.DOF.Recombine.Quality:1                ; cheap slight out of focus]]
[2019.09.18-02.05.21:806][  0]LogConfig: Setting CVar [[r.DOF.Recombine.EnableBokehSettings:0    ; no bokeh simulation on slight out of focus]]
[2019.09.18-02.05.21:806][  0]LogConfig: Setting CVar [[r.DOF.TemporalAAQuality:1                ; more stable temporal accumulation]]
[2019.09.18-02.05.21:806][  0]LogConfig: Setting CVar [[r.DOF.Kernel.MaxForegroundRadius:0.025]]
[2019.09.18-02.05.21:806][  0]LogConfig: Setting CVar [[r.DOF.Kernel.MaxBackgroundRadius:0.025]]
[2019.09.18-02.05.21:806][  0]LogConfig: Applying CVar settings from Section [TextureQuality@3] File [C:/Users/76422/Desktop/Ball/UnRealDemo-master 4.23/Saved/Config/Windows/Scalability.ini]
[2019.09.18-02.05.21:807][  0]LogConfig: Setting CVar [[r.Streaming.MipBias:0]]
[2019.09.18-02.05.21:807][  0]LogConfig: Setting CVar [[r.Streaming.AmortizeCPUToGPUCopy:0]]
[2019.09.18-02.05.21:807][  0]LogConfig: Setting CVar [[r.Streaming.MaxNumTexturesToStreamPerFrame:0]]
[2019.09.18-02.05.21:807][  0]LogConfig: Setting CVar [[r.Streaming.Boost:1]]
[2019.09.18-02.05.21:807][  0]LogConfig: Setting CVar [[r.MaxAnisotropy:8]]
[2019.09.18-02.05.21:807][  0]LogConfig: Setting CVar [[r.Streaming.LimitPoolSizeToVRAM:0]]
[2019.09.18-02.05.21:807][  0]LogConfig: Setting CVar [[r.Streaming.PoolSize:1000]]
[2019.09.18-02.05.21:807][  0]LogConfig: Setting CVar [[r.Streaming.MaxEffectiveScreenSize:0]]
[2019.09.18-02.05.21:807][  0]LogConfig: Applying CVar settings from Section [EffectsQuality@3] File [C:/Users/76422/Desktop/Ball/UnRealDemo-master 4.23/Saved/Config/Windows/Scalability.ini]
[2019.09.18-02.05.21:807][  0]LogConfig: Setting CVar [[r.TranslucencyLightingVolumeDim:64]]
[2019.09.18-02.05.21:807][  0]LogConfig: Setting CVar [[r.RefractionQuality:2]]
[2019.09.18-02.05.21:807][  0]LogConfig: Setting CVar [[r.SSR.Quality:3]]
[2019.09.18-02.05.21:807][  0]LogConfig: Setting CVar [[r.SceneColorFormat:4]]
[2019.09.18-02.05.21:807][  0]LogConfig: Setting CVar [[r.DetailMode:2]]
[2019.09.18-02.05.21:807][  0]LogConfig: Setting CVar [[r.TranslucencyVolumeBlur:1]]
[2019.09.18-02.05.21:807][  0]LogConfig: Setting CVar [[r.MaterialQualityLevel:1 ; High quality]]
[2019.09.18-02.05.21:807][  0]LogConfig: Setting CVar [[r.SSS.Scale:1]]
[2019.09.18-02.05.21:807][  0]LogConfig: Setting CVar [[r.SSS.SampleSet:2]]
[2019.09.18-02.05.21:807][  0]LogConfig: Setting CVar [[r.SSS.Quality:1]]
[2019.09.18-02.05.21:807][  0]LogConfig: Setting CVar [[r.SSS.HalfRes:1]]
[2019.09.18-02.05.21:807][  0]LogConfig: Setting CVar [[r.EmitterSpawnRateScale:1.0]]
[2019.09.18-02.05.21:807][  0]LogConfig: Setting CVar [[r.ParticleLightQuality:2]]
[2019.09.18-02.05.21:807][  0]LogConfig: Applying CVar settings from Section [FoliageQuality@3] File [C:/Users/76422/Desktop/Ball/UnRealDemo-master 4.23/Saved/Config/Windows/Scalability.ini]
[2019.09.18-02.05.21:807][  0]LogConfig: Setting CVar [[foliage.DensityScale:1.0]]
[2019.09.18-02.05.21:807][  0]LogConfig: Setting CVar [[grass.DensityScale:1.0]]
[2019.09.18-02.05.21:808][  0]LogInit: Selected Device Profile: [Windows]
[2019.09.18-02.05.21:808][  0]LogInit: Applying CVar settings loaded from the selected device profile: [Windows]
[2019.09.18-02.05.21:819][  0]LogHAL: Display: Platform has ~ 7 GB [7469842432 / 8589934592 / 7], which maps to Smaller [LargestMinGB=32, LargerMinGB=12, DefaultMinGB=8, SmallerMinGB=6, SmallestMinGB=0)
[2019.09.18-02.05.21:819][  0]LogInit: Going up to parent DeviceProfile []
[2019.09.18-02.05.21:819][  0]LogConfig: Applying CVar settings from Section [ViewDistanceQuality@3] File [C:/Users/76422/Desktop/Ball/UnRealDemo-master 4.23/Saved/Config/Windows/Scalability.ini]
[2019.09.18-02.05.21:819][  0]LogConfig: Setting CVar [[r.SkeletalMeshLODBias:0]]
[2019.09.18-02.05.21:819][  0]LogConfig: Setting CVar [[r.ViewDistanceScale:1.0]]
[2019.09.18-02.05.21:819][  0]LogConfig: Applying CVar settings from Section [AntiAliasingQuality@3] File [C:/Users/76422/Desktop/Ball/UnRealDemo-master 4.23/Saved/Config/Windows/Scalability.ini]
[2019.09.18-02.05.21:819][  0]LogConfig: Setting CVar [[r.PostProcessAAQuality:4]]
[2019.09.18-02.05.21:819][  0]LogConfig: Applying CVar settings from Section [ShadowQuality@3] File [C:/Users/76422/Desktop/Ball/UnRealDemo-master 4.23/Saved/Config/Windows/Scalability.ini]
[2019.09.18-02.05.21:819][  0]LogConfig: Setting CVar [[r.LightFunctionQuality:1]]
[2019.09.18-02.05.21:819][  0]LogConfig: Setting CVar [[r.ShadowQuality:5]]
[2019.09.18-02.05.21:819][  0]LogConfig: Setting CVar [[r.Shadow.CSM.MaxCascades:10]]
[2019.09.18-02.05.21:819][  0]LogConfig: Setting CVar [[r.Shadow.MaxResolution:2048]]
[2019.09.18-02.05.21:819][  0]LogConfig: Setting CVar [[r.Shadow.MaxCSMResolution:2048]]
[2019.09.18-02.05.21:819][  0]LogConfig: Setting CVar [[r.Shadow.RadiusThreshold:0.01]]
[2019.09.18-02.05.21:819][  0]LogConfig: Setting CVar [[r.Shadow.DistanceScale:1.0]]
[2019.09.18-02.05.21:819][  0]LogConfig: Setting CVar [[r.Shadow.CSM.TransitionScale:1.0]]
[2019.09.18-02.05.21:819][  0]LogConfig: Setting CVar [[r.Shadow.PreShadowResolutionFactor:1.0]]
[2019.09.18-02.05.21:819][  0]LogConfig: Setting CVar [[r.DistanceFieldShadowing:1]]
[2019.09.18-02.05.21:819][  0]LogConfig: Setting CVar [[r.DistanceFieldAO:1]]
[2019.09.18-02.05.21:819][  0]LogConfig: Setting CVar [[r.AOQuality:2]]
[2019.09.18-02.05.21:819][  0]LogConfig: Setting CVar [[r.VolumetricFog:1]]
[2019.09.18-02.05.21:819][  0]LogConfig: Setting CVar [[r.VolumetricFog.GridPixelSize:8]]
[2019.09.18-02.05.21:819][  0]LogConfig: Setting CVar [[r.VolumetricFog.GridSizeZ:128]]
[2019.09.18-02.05.21:819][  0]LogConfig: Setting CVar [[r.VolumetricFog.HistoryMissSupersampleCount:4]]
[2019.09.18-02.05.21:819][  0]LogConfig: Setting CVar [[r.LightMaxDrawDistanceScale:1]]
[2019.09.18-02.05.21:819][  0]LogConfig: Setting CVar [[r.CapsuleShadows:1]]
[2019.09.18-02.05.21:819][  0]LogConfig: Applying CVar settings from Section [PostProcessQuality@3] File [C:/Users/76422/Desktop/Ball/UnRealDemo-master 4.23/Saved/Config/Windows/Scalability.ini]
[2019.09.18-02.05.21:819][  0]LogConfig: Setting CVar [[r.MotionBlurQuality:4]]
[2019.09.18-02.05.21:819][  0]LogConfig: Setting CVar [[r.AmbientOcclusionMipLevelFactor:0.4]]
[2019.09.18-02.05.21:819][  0]LogConfig: Setting CVar [[r.AmbientOcclusionMaxQuality:100]]
[2019.09.18-02.05.21:819][  0]LogConfig: Setting CVar [[r.AmbientOcclusionLevels:-1]]
[2019.09.18-02.05.21:819][  0]LogConfig: Setting CVar [[r.AmbientOcclusionRadiusScale:1.0]]
[2019.09.18-02.05.21:819][  0]LogConfig: Setting CVar [[r.DepthOfFieldQuality:2]]
[2019.09.18-02.05.21:820][  0]LogConfig: Setting CVar [[r.RenderTargetPoolMin:400]]
[2019.09.18-02.05.21:820][  0]LogConfig: Setting CVar [[r.LensFlareQuality:2]]
[2019.09.18-02.05.21:820][  0]LogConfig: Setting CVar [[r.SceneColorFringeQuality:1]]
[2019.09.18-02.05.21:820][  0]LogConfig: Setting CVar [[r.EyeAdaptationQuality:2]]
[2019.09.18-02.05.21:820][  0]LogConfig: Setting CVar [[r.BloomQuality:5]]
[2019.09.18-02.05.21:820][  0]LogConfig: Setting CVar [[r.FastBlurThreshold:100]]
[2019.09.18-02.05.21:820][  0]LogConfig: Setting CVar [[r.Upscale.Quality:3]]
[2019.09.18-02.05.21:820][  0]LogConfig: Setting CVar [[r.Tonemapper.GrainQuantization:1]]
[2019.09.18-02.05.21:820][  0]LogConfig: Setting CVar [[r.LightShaftQuality:1]]
[2019.09.18-02.05.21:820][  0]LogConfig: Setting CVar [[r.Filter.SizeScale:1]]
[2019.09.18-02.05.21:820][  0]LogConfig: Setting CVar [[r.Tonemapper.Quality:5]]
[2019.09.18-02.05.21:820][  0]LogConfig: Setting CVar [[r.DOF.Gather.AccumulatorQuality:1        ; higher gathering accumulator quality]]
[2019.09.18-02.05.21:820][  0]LogConfig: Setting CVar [[r.DOF.Gather.PostfilterMethod:1          ; Median3x3 postfilering method]]
[2019.09.18-02.05.21:820][  0]LogConfig: Setting CVar [[r.DOF.Gather.EnableBokehSettings:0       ; no bokeh simulation when gathering]]
[2019.09.18-02.05.21:820][  0]LogConfig: Setting CVar [[r.DOF.Gather.RingCount:4                 ; medium number of samples when gathering]]
[2019.09.18-02.05.21:820][  0]LogConfig: Setting CVar [[r.DOF.Scatter.ForegroundCompositing:1    ; additive foreground scattering]]
[2019.09.18-02.05.21:820][  0]LogConfig: Setting CVar [[r.DOF.Scatter.BackgroundCompositing:2    ; additive background scattering]]
[2019.09.18-02.05.21:820][  0]LogConfig: Setting CVar [[r.DOF.Scatter.EnableBokehSettings:1      ; bokeh simulation when scattering]]
[2019.09.18-02.05.21:820][  0]LogConfig: Setting CVar [[r.DOF.Scatter.MaxSpriteRatio:0.1         ; only a maximum of 10% of scattered bokeh]]
[2019.09.18-02.05.21:820][  0]LogConfig: Setting CVar [[r.DOF.Recombine.Quality:1                ; cheap slight out of focus]]
[2019.09.18-02.05.21:820][  0]LogConfig: Setting CVar [[r.DOF.Recombine.EnableBokehSettings:0    ; no bokeh simulation on slight out of focus]]
[2019.09.18-02.05.21:820][  0]LogConfig: Setting CVar [[r.DOF.TemporalAAQuality:1                ; more stable temporal accumulation]]
[2019.09.18-02.05.21:820][  0]LogConfig: Setting CVar [[r.DOF.Kernel.MaxForegroundRadius:0.025]]
[2019.09.18-02.05.21:820][  0]LogConfig: Setting CVar [[r.DOF.Kernel.MaxBackgroundRadius:0.025]]
[2019.09.18-02.05.21:820][  0]LogConfig: Applying CVar settings from Section [TextureQuality@3] File [C:/Users/76422/Desktop/Ball/UnRealDemo-master 4.23/Saved/Config/Windows/Scalability.ini]
[2019.09.18-02.05.21:820][  0]LogConfig: Setting CVar [[r.Streaming.MipBias:0]]
[2019.09.18-02.05.21:820][  0]LogConfig: Setting CVar [[r.Streaming.AmortizeCPUToGPUCopy:0]]
[2019.09.18-02.05.21:820][  0]LogConfig: Setting CVar [[r.Streaming.MaxNumTexturesToStreamPerFrame:0]]
[2019.09.18-02.05.21:820][  0]LogConfig: Setting CVar [[r.Streaming.Boost:1]]
[2019.09.18-02.05.21:820][  0]LogConfig: Setting CVar [[r.MaxAnisotropy:8]]
[2019.09.18-02.05.21:820][  0]LogConfig: Setting CVar [[r.Streaming.LimitPoolSizeToVRAM:0]]
[2019.09.18-02.05.21:820][  0]LogConfig: Setting CVar [[r.Streaming.PoolSize:1000]]
[2019.09.18-02.05.21:820][  0]LogConfig: Setting CVar [[r.Streaming.MaxEffectiveScreenSize:0]]
[2019.09.18-02.05.21:820][  0]LogConfig: Applying CVar settings from Section [EffectsQuality@3] File [C:/Users/76422/Desktop/Ball/UnRealDemo-master 4.23/Saved/Config/Windows/Scalability.ini]
[2019.09.18-02.05.21:820][  0]LogConfig: Setting CVar [[r.TranslucencyLightingVolumeDim:64]]
[2019.09.18-02.05.21:820][  0]LogConfig: Setting CVar [[r.RefractionQuality:2]]
[2019.09.18-02.05.21:820][  0]LogConfig: Setting CVar [[r.SSR.Quality:3]]
[2019.09.18-02.05.21:820][  0]LogConfig: Setting CVar [[r.SceneColorFormat:4]]
[2019.09.18-02.05.21:820][  0]LogConfig: Setting CVar [[r.DetailMode:2]]
[2019.09.18-02.05.21:820][  0]LogConfig: Setting CVar [[r.TranslucencyVolumeBlur:1]]
[2019.09.18-02.05.21:820][  0]LogConfig: Setting CVar [[r.MaterialQualityLevel:1 ; High quality]]
[2019.09.18-02.05.21:820][  0]LogConfig: Setting CVar [[r.SSS.Scale:1]]
[2019.09.18-02.05.21:820][  0]LogConfig: Setting CVar [[r.SSS.SampleSet:2]]
[2019.09.18-02.05.21:820][  0]LogConfig: Setting CVar [[r.SSS.Quality:1]]
[2019.09.18-02.05.21:820][  0]LogConfig: Setting CVar [[r.SSS.HalfRes:1]]
[2019.09.18-02.05.21:820][  0]LogConfig: Setting CVar [[r.EmitterSpawnRateScale:1.0]]
[2019.09.18-02.05.21:821][  0]LogConfig: Setting CVar [[r.ParticleLightQuality:2]]
[2019.09.18-02.05.21:821][  0]LogConfig: Applying CVar settings from Section [FoliageQuality@3] File [C:/Users/76422/Desktop/Ball/UnRealDemo-master 4.23/Saved/Config/Windows/Scalability.ini]
[2019.09.18-02.05.21:821][  0]LogConfig: Setting CVar [[foliage.DensityScale:1.0]]
[2019.09.18-02.05.21:821][  0]LogConfig: Setting CVar [[grass.DensityScale:1.0]]
[2019.09.18-02.05.21:821][  0]LogConfig: Applying CVar settings from Section [Startup] File [../../../Engine/Config/ConsoleVariables.ini]
[2019.09.18-02.05.21:822][  0]LogConfig: Setting CVar [[net.UseAdaptiveNetUpdateFrequency:0]]
[2019.09.18-02.05.21:822][  0]LogConfig: Setting CVar [[p.chaos.AllowCreatePhysxBodies:1]]
[2019.09.18-02.05.21:822][  0]LogConfig: Applying CVar settings from Section [ConsoleVariables] File [C:/Users/76422/Desktop/Ball/UnRealDemo-master 4.23/Saved/Config/Windows/Engine.ini]
[2019.09.18-02.05.21:822][  0]LogInit: Computer: DESKTOP-3KGA5T0
[2019.09.18-02.05.21:822][  0]LogInit: User: 76422
[2019.09.18-02.05.21:822][  0]LogInit: CPU Page size=4096, Cores=4
[2019.09.18-02.05.21:823][  0]LogInit: High frequency timer resolution =10.000000 MHz
[2019.09.18-02.05.21:823][  0]LogMemory: Memory total: Physical=7.0GB (7GB approx)
[2019.09.18-02.05.21:823][  0]LogMemory: Platform Memory Stats for Windows
[2019.09.18-02.05.21:823][  0]LogMemory: Process Physical Memory: 101.10 MB used, 101.11 MB peak
[2019.09.18-02.05.21:823][  0]LogMemory: Process Virtual Memory: 100.49 MB used, 100.49 MB peak
[2019.09.18-02.05.21:823][  0]LogMemory: Physical Memory: 3679.28 MB used,  3444.52 MB free, 7123.80 MB total
[2019.09.18-02.05.21:823][  0]LogMemory: Virtual Memory: 4682.89 MB used,  134213048.00 MB free, 134217728.00 MB total
[2019.09.18-02.05.21:858][  0]LogWindows: WindowsPlatformFeatures enabled
[2019.09.18-02.05.25:269][  0]LogInit: Overriding language with editor language configuration option (en).
[2019.09.18-02.05.25:269][  0]LogInit: Overriding locale with editor culture configuration option ().
[2019.09.18-02.05.25:269][  0]LogInit: Using OS detected locale (zh-CN).
[2019.09.18-02.05.25:933][  0]LogSlate: New Slate User Created.  User Index 0, Is Virtual User: 0
[2019.09.18-02.05.25:934][  0]LogSlate: Slate User Registered.  User Index 0, Is Virtual User: 0
[2019.09.18-02.05.26:767][  0]LogHMD: Failed to initialize OpenVR with code 110
[2019.09.18-02.05.26:767][  0]LogD3D11RHI: D3D11 adapters:
[2019.09.18-02.05.26:830][  0]LogD3D11RHI:    0. 'AMD Radeon(TM) Vega 8 Graphics' (Feature Level 11_0)
[2019.09.18-02.05.26:830][  0]LogD3D11RHI:       1008/0/3561 MB DedicatedVideo/DedicatedSystem/SharedSystem, Outputs:1, VendorId:0x1002
[2019.09.18-02.05.26:837][  0]LogD3D11RHI:    1. 'Microsoft Basic Render Driver' (Feature Level 11_0)
[2019.09.18-02.05.26:837][  0]LogD3D11RHI:       0/0/3561 MB DedicatedVideo/DedicatedSystem/SharedSystem, Outputs:0, VendorId:0x1414
[2019.09.18-02.05.26:837][  0]LogD3D11RHI: Chosen D3D11 Adapter: 0
[2019.09.18-02.05.26:859][  0]LogD3D11RHI: Creating new Direct3DDevice
[2019.09.18-02.05.26:859][  0]LogD3D11RHI:     GPU DeviceId: 0x15dd (for the marketing name, search the web for "GPU Device Id")
[2019.09.18-02.05.26:859][  0]LogWindows: EnumDisplayDevices:
[2019.09.18-02.05.26:860][  0]LogWindows:    0. 'AMD Radeon(TM) Vega 8 Graphics' (P:1 D:1)
[2019.09.18-02.05.26:861][  0]LogWindows:    1. 'AMD Radeon(TM) Vega 8 Graphics' (P:0 D:0)
[2019.09.18-02.05.26:862][  0]LogWindows:    2. 'AMD Radeon(TM) Vega 8 Graphics' (P:0 D:0)
[2019.09.18-02.05.26:862][  0]LogWindows:    3. 'AMD Radeon(TM) Vega 8 Graphics' (P:0 D:0)
[2019.09.18-02.05.26:863][  0]LogWindows:    4. 'AMD Radeon(TM) Vega 8 Graphics' (P:0 D:0)
[2019.09.18-02.05.26:864][  0]LogWindows:    5. 'AMD Radeon(TM) Vega 8 Graphics' (P:0 D:0)
[2019.09.18-02.05.26:865][  0]LogWindows: DebugString: FoundDriverCount:6 
[2019.09.18-02.05.26:865][  0]LogD3D11RHI:     Adapter Name: AMD Radeon(TM) Vega 8 Graphics
[2019.09.18-02.05.26:865][  0]LogD3D11RHI:   Driver Version: Adrenalin 18.50.30.04 (internal:25.20.15030.4003, unified:25.20.15030.4003)
[2019.09.18-02.05.26:865][  0]LogD3D11RHI:      Driver Date: 5-15-2019
[2019.09.18-02.05.26:865][  0]LogRHI: Texture pool is 706 MB (70% of 1008 MB)
[2019.09.18-02.05.26:933][  0]LogD3D11RHI: Async texture creation enabled
[2019.09.18-02.05.26:963][  0]LogD3D11RHI: GPU Timing Frequency: 25.000000 (Debug: 2 1)
[2019.09.18-02.05.28:099][  0]LogTemp: Display: Module 'AllDesktopTargetPlatform' loaded TargetPlatform 'AllDesktop'
[2019.09.18-02.05.28:124][  0]LogTemp: Display: Module 'MacClientTargetPlatform' loaded TargetPlatform 'MacClient'
[2019.09.18-02.05.28:148][  0]LogTemp: Display: Module 'MacNoEditorTargetPlatform' loaded TargetPlatform 'MacNoEditor'
[2019.09.18-02.05.28:169][  0]LogTemp: Display: Module 'MacServerTargetPlatform' loaded TargetPlatform 'MacServer'
[2019.09.18-02.05.28:196][  0]LogTemp: Display: Module 'MacTargetPlatform' loaded TargetPlatform 'Mac'
[2019.09.18-02.05.28:224][  0]LogTemp: Display: Module 'WindowsClientTargetPlatform' loaded TargetPlatform 'WindowsClient'
[2019.09.18-02.05.28:249][  0]LogTemp: Display: Module 'WindowsNoEditorTargetPlatform' loaded TargetPlatform 'WindowsNoEditor'
[2019.09.18-02.05.28:274][  0]LogTemp: Display: Module 'WindowsServerTargetPlatform' loaded TargetPlatform 'WindowsServer'
[2019.09.18-02.05.28:293][  0]LogTemp: Display: Module 'WindowsTargetPlatform' loaded TargetPlatform 'Windows'
[2019.09.18-02.05.28:417][  0]LogTemp: Display: Module 'AndroidTargetPlatform' loaded TargetPlatform 'Android'
[2019.09.18-02.05.28:418][  0]LogTemp: Display: Module 'AndroidTargetPlatform' loaded TargetPlatform 'Android_ASTC'
[2019.09.18-02.05.28:418][  0]LogTemp: Display: Module 'AndroidTargetPlatform' loaded TargetPlatform 'Android_ATC'
[2019.09.18-02.05.28:418][  0]LogTemp: Display: Module 'AndroidTargetPlatform' loaded TargetPlatform 'Android_DXT'
[2019.09.18-02.05.28:418][  0]LogTemp: Display: Module 'AndroidTargetPlatform' loaded TargetPlatform 'Android_ETC1'
[2019.09.18-02.05.28:418][  0]LogTemp: Display: Module 'AndroidTargetPlatform' loaded TargetPlatform 'Android_ETC1a'
[2019.09.18-02.05.28:418][  0]LogTemp: Display: Module 'AndroidTargetPlatform' loaded TargetPlatform 'Android_ETC2'
[2019.09.18-02.05.28:418][  0]LogTemp: Display: Module 'AndroidTargetPlatform' loaded TargetPlatform 'Android_PVRTC'
[2019.09.18-02.05.28:418][  0]LogTemp: Display: Module 'AndroidTargetPlatform' loaded TargetPlatform 'AndroidClient'
[2019.09.18-02.05.28:418][  0]LogTemp: Display: Module 'AndroidTargetPlatform' loaded TargetPlatform 'Android_ASTCClient'
[2019.09.18-02.05.28:418][  0]LogTemp: Display: Module 'AndroidTargetPlatform' loaded TargetPlatform 'Android_ATCClient'
[2019.09.18-02.05.28:418][  0]LogTemp: Display: Module 'AndroidTargetPlatform' loaded TargetPlatform 'Android_DXTClient'
[2019.09.18-02.05.28:418][  0]LogTemp: Display: Module 'AndroidTargetPlatform' loaded TargetPlatform 'Android_ETC1Client'
[2019.09.18-02.05.28:418][  0]LogTemp: Display: Module 'AndroidTargetPlatform' loaded TargetPlatform 'Android_ETC1aClient'
[2019.09.18-02.05.28:418][  0]LogTemp: Display: Module 'AndroidTargetPlatform' loaded TargetPlatform 'Android_ETC2Client'
[2019.09.18-02.05.28:418][  0]LogTemp: Display: Module 'AndroidTargetPlatform' loaded TargetPlatform 'Android_PVRTCClient'
[2019.09.18-02.05.28:418][  0]LogTemp: Display: Module 'AndroidTargetPlatform' loaded TargetPlatform 'Android_Multi'
[2019.09.18-02.05.28:418][  0]LogTemp: Display: Module 'AndroidTargetPlatform' loaded TargetPlatform 'Android_MultiClient'
[2019.09.18-02.05.28:431][  0]LogTemp: Display: Module 'HTML5TargetPlatform' loaded TargetPlatform 'HTML5'
[2019.09.18-02.05.28:493][  0]LogTemp: Display: Module 'IOSTargetPlatform' loaded TargetPlatform 'IOSClient'
[2019.09.18-02.05.28:494][  0]LogTemp: Display: Module 'IOSTargetPlatform' loaded TargetPlatform 'IOS'
[2019.09.18-02.05.28:538][  0]LogTemp: Display: Module 'TVOSTargetPlatform' loaded TargetPlatform 'TVOSClient'
[2019.09.18-02.05.28:538][  0]LogTemp: Display: Module 'TVOSTargetPlatform' loaded TargetPlatform 'TVOS'
[2019.09.18-02.05.28:563][  0]LogTemp: Display: Module 'LinuxClientTargetPlatform' loaded TargetPlatform 'LinuxClient'
[2019.09.18-02.05.28:586][  0]LogTemp: Display: Module 'LinuxNoEditorTargetPlatform' loaded TargetPlatform 'LinuxNoEditor'
[2019.09.18-02.05.28:605][  0]LogTemp: Display: Module 'LinuxServerTargetPlatform' loaded TargetPlatform 'LinuxServer'
[2019.09.18-02.05.28:630][  0]LogTemp: Display: Module 'LinuxTargetPlatform' loaded TargetPlatform 'Linux'
[2019.09.18-02.05.28:731][  0]LogTemp: Display: Module 'LuminTargetPlatform' loaded TargetPlatform 'Lumin'
[2019.09.18-02.05.28:731][  0]LogTemp: Display: Module 'LuminTargetPlatform' loaded TargetPlatform 'LuminClient'
[2019.09.18-02.05.28:731][  0]LogTargetPlatformManager: Display: Building Assets For Windows
[2019.09.18-02.05.29:521][  0]LogAudioDebug: Display: Lib vorbis DLL was dynamically loaded.
[2019.09.18-02.05.32:482][  0]LogShaderCompilers: Guid format shader working directory is -19 characters bigger than the processId version (../../../../../../Users/76422/Desktop/Ball/UnRealDemo-master 4.23/Intermediate/Shaders/WorkingDirectory/4156/).
[2019.09.18-02.05.32:483][  0]LogShaderCompilers: Cleaned the shader compiler working directory 'C:/Users/76422/AppData/Local/Temp/UnrealShaderWorkingDir/1E065AD141E620000D3AF590AE10D3C4/'.
[2019.09.18-02.05.32:492][  0]LogXGEController: Cleaning working directory: C:/Users/76422/AppData/Local/Temp/UnrealXGEWorkingDir/
[2019.09.18-02.05.32:494][  0]LogXGEController: Cannot use XGE Controller as Incredibuild is not installed on this machine.
[2019.09.18-02.05.32:495][  0]LogShaderCompilers: Cannot use XGE Shader Compiler as Incredibuild is not installed on this machine.
[2019.09.18-02.05.32:495][  0]LogShaderCompilers: Display: Using Local Shader Compiler.
[2019.09.18-02.05.34:028][  0]LogDerivedDataCache: Display: Max Cache Size: 512 MB
[2019.09.18-02.05.34:230][  0]LogDerivedDataCache: Loaded boot cache 0.20s 73MB C:/Users/76422/AppData/Local/UnrealEngine/4.23/DerivedDataCache/Boot.ddc.
[2019.09.18-02.05.34:230][  0]LogDerivedDataCache: Display: Loaded Boot cache: C:/Users/76422/AppData/Local/UnrealEngine/4.23/DerivedDataCache/Boot.ddc
[2019.09.18-02.05.34:230][  0]LogDerivedDataCache: FDerivedDataBackendGraph:  Pak pak cache file ../../../../../../Users/76422/Desktop/Ball/UnRealDemo-master 4.23/DerivedDataCache/DDC.ddp not found, will not use a pak cache.
[2019.09.18-02.05.34:230][  0]LogDerivedDataCache: Unable to find inner node Pak for hierarchical cache Hierarchy.
[2019.09.18-02.05.34:231][  0]LogDerivedDataCache: FDerivedDataBackendGraph:  CompressedPak pak cache file ../../../../../../Users/76422/Desktop/Ball/UnRealDemo-master 4.23/DerivedDataCache/Compressed.ddp not found, will not use a pak cache.
[2019.09.18-02.05.34:231][  0]LogDerivedDataCache: Unable to find inner node CompressedPak for hierarchical cache Hierarchy.
[2019.09.18-02.05.34:257][  0]LogDerivedDataCache: Display: Pak cache opened for reading ../../../Engine/DerivedDataCache/Compressed.ddp.
[2019.09.18-02.05.34:258][  0]LogDerivedDataCache: FDerivedDataBackendGraph:  EnterprisePak pak cache file ../../../Enterprise/DerivedDataCache/Compressed.ddp not found, will not use a pak cache.
[2019.09.18-02.05.34:258][  0]LogDerivedDataCache: Unable to find inner node EnterprisePak for hierarchical cache Hierarchy.
[2019.09.18-02.05.34:264][  0]LogDerivedDataCache: Using Local data cache path C:/Users/76422/AppData/Local/UnrealEngine/Common/DerivedDataCache: Writable
[2019.09.18-02.05.34:265][  0]LogDerivedDataCache: Shared data cache path not found in *engine.ini, will not use an Shared cache.
[2019.09.18-02.05.34:265][  0]LogDerivedDataCache: Unable to find inner node Shared for hierarchical cache Hierarchy.
[2019.09.18-02.05.34:314][  0]LogMaterial: Verifying Global Shaders for PCD3D_SM5
[2019.09.18-02.05.34:325][  0]LogSlate: Using FreeType 2.6.0
[2019.09.18-02.05.34:331][  0]LogSlate: SlateFontServices - WITH_FREETYPE: 1, WITH_HARFBUZZ: 1
[2019.09.18-02.05.34:589][  0]LogAssetRegistry: FAssetRegistry took 0.0086 seconds to start up
[2019.09.18-02.05.35:379][  0]LogInit: Selected Device Profile: [Windows]
[2019.09.18-02.05.35:810][  0]LogMeshReduction: Using QuadricMeshReduction for automatic static mesh reduction
[2019.09.18-02.05.35:810][  0]LogMeshReduction: Using SimplygonMeshReduction for automatic skeletal mesh reduction
[2019.09.18-02.05.35:810][  0]LogMeshReduction: Using ProxyLODMeshReduction for automatic mesh merging
[2019.09.18-02.05.35:810][  0]LogMeshReduction: No distributed automatic mesh merging module available
[2019.09.18-02.05.35:810][  0]LogMeshMerging: No distributed automatic mesh merging module available
[2019.09.18-02.05.35:852][  0]LogNetVersion: Ball 1.0.0, NetCL: 8386587, EngineNetVer: 11, GameNetVer: 0 (Checksum: 2943561836)
[2019.09.18-02.05.36:992][  0]LogPackageLocalizationCache: Processed 12 localized package path(s) for 1 prioritized culture(s) in 0.123517 seconds
[2019.09.18-02.05.37:010][  0]LogUObjectArray: 43444 objects as part of root set at end of initial load.
[2019.09.18-02.05.37:010][  0]LogUObjectAllocator: 7548648 out of 0 bytes used by permanent object pool.
[2019.09.18-02.05.37:010][  0]LogUObjectArray: CloseDisregardForGC: 0/0 objects in disregard for GC pool
[2019.09.18-02.05.42:373][  0]LogTcpMessaging: Initializing TcpMessaging bridge
[2019.09.18-02.05.42:527][  0]LogUdpMessaging: Initializing bridge on interface 0.0.0.0:0 to multicast group 230.0.0.1:6666.
[2019.09.18-02.05.43:240][  0]SourceControl: Source control is disabled
[2019.09.18-02.05.43:241][  0]SourceControl: Source control is disabled
[2019.09.18-02.05.43:270][  0]SourceControl: Source control is disabled
[2019.09.18-02.05.43:301][  0]SourceControl: Source control is disabled
[2019.09.18-02.05.45:845][  0]LogAndroidPermission: UAndroidPermissionCallbackProxy::GetInstance
[2019.09.18-02.05.47:495][  0]LogOcInput: OculusInput pre-init called
[2019.09.18-02.05.47:742][  0]LogWindows: Failed to load 'OVRPlugin.dll' (GetLastError=126)
[2019.09.18-02.05.47:742][  0]LogWindows: File 'OVRPlugin.dll' does not exist
[2019.09.18-02.05.48:781][  0]LogEngine: Initializing Engine...
[2019.09.18-02.05.48:788][  0]LogHMD: Failed to initialize OpenVR with code 110
[2019.09.18-02.05.48:794][  0]LogStats: UGameplayTagsManager::InitializeManager -  0.003 s
[2019.09.18-02.05.49:290][  0]LogInit: Initializing FReadOnlyCVARCache
[2019.09.18-02.05.49:349][  0]LogAIModule: Creating AISystem for world Untitled
[2019.09.18-02.05.49:606][  0]LogInit: XAudio2 using '扬声器 (2- Realtek High Definition Audio)' : 2 channels at 48 kHz using 16 bits per sample (channel mask 0x3)
[2019.09.18-02.05.49:676][  0]LogInit: FAudioDevice initialized.
[2019.09.18-02.05.49:677][  0]LogNetVersion: Set ProjectVersion to 1.0.0.0. Version Checksum will be recalculated on next use.
[2019.09.18-02.05.49:811][  0]LogDerivedDataCache: Saved boot cache 0.13s 73MB C:/Users/76422/AppData/Local/UnrealEngine/4.23/DerivedDataCache/Boot.ddc.
[2019.09.18-02.05.49:821][  0]LogInit: Texture streaming: Enabled
[2019.09.18-02.05.50:234][  0]LogEngineSessionManager: EngineSessionManager initialized
[2019.09.18-02.05.50:468][  0]LogInit: Transaction tracking system initialized
[2019.09.18-02.05.51:043][  0]BlueprintLog: New page: Editor Load
[2019.09.18-02.05.52:709][  0]LocalizationService: Localization service is disabled
[2019.09.18-02.05.54:561][  0]LogFileCache: Scanning file cache for directory 'C:/Users/76422/Desktop/Ball/UnRealDemo-master 4.23/Content/' took 0.01s
[2019.09.18-02.05.54:561][  0]LogCook: Display: Max memory allowance for cook 16384mb min free memory 0mb
[2019.09.18-02.05.54:561][  0]LogCook: Display: Mobile HDR setting 1
[2019.09.18-02.05.57:247][  0]SourceControl: Source control is disabled
[2019.09.18-02.05.57:248][  0]Cmd: MAP LOAD FILE="../../../../../../Users/76422/Desktop/Ball/UnRealDemo-master 4.23/Content/Maps/Level1.umap" TEMPLATE=0 SHOWPROGRESS=1 FEATURELEVEL=3
[2019.09.18-02.05.57:250][  0]LightingResults: New page: Lighting Build
[2019.09.18-02.05.57:265][  0]LogWorld: UWorld::CleanupWorld for Untitled, bSessionEnded=true, bCleanupResources=true
[2019.09.18-02.05.57:268][  0]MapCheck: New page: Map Check
[2019.09.18-02.05.57:268][  0]LightingResults: New page: Lighting Build
[2019.09.18-02.05.57:326][  0]LogUObjectHash: Compacting FUObjectHashTables data took   6.24ms
[2019.09.18-02.05.57:779][  0]LogAIModule: Creating AISystem for world Level1
[2019.09.18-02.05.57:848][  0]LogEditorServer: Finished looking for orphan Actors (0.000 secs)
[2019.09.18-02.05.57:901][  0]LogUObjectHash: Compacting FUObjectHashTables data took   2.87ms
[2019.09.18-02.05.57:901][  0]Cmd: MAP CHECKDEP NOCLEARLOG
[2019.09.18-02.05.57:902][  0]MapCheck: Map check complete: 0 Error(s), 0 Warning(s), took 0.732ms to complete.
[2019.09.18-02.05.57:902][  0]LogFileHelpers: Loading map 'Level1' took 0.655
[2019.09.18-02.05.58:121][  0]LogSlate: Updating window title bar state: overlay mode, drag disabled, window buttons hidden, title bar hidden
[2019.09.18-02.05.58:140][  0]LogSlate: Updating window title bar state: overlay mode, drag disabled, window buttons hidden, title bar hidden
[2019.09.18-02.05.58:157][  0]LogSlate: Updating window title bar state: overlay mode, drag disabled, window buttons hidden, title bar hidden
[2019.09.18-02.05.58:170][  0]LogSlate: Updating window title bar state: overlay mode, drag disabled, window buttons hidden, title bar hidden
[2019.09.18-02.05.58:197][  0]LogCollectionManager: Loaded 0 collections in 0.005884 seconds
[2019.09.18-02.05.58:237][  0]LogFileCache: Scanning file cache for directory 'C:/Users/76422/Desktop/Ball/UnRealDemo-master 4.23/Saved/Collections/' took 0.00s
[2019.09.18-02.05.58:237][  0]LogFileCache: Scanning file cache for directory 'C:/Users/76422/Desktop/Ball/UnRealDemo-master 4.23/Content/Developers/76422/Collections/' took 0.00s
[2019.09.18-02.05.58:237][  0]LogFileCache: Scanning file cache for directory 'C:/Users/76422/Desktop/Ball/UnRealDemo-master 4.23/Content/Collections/' took 0.00s
[2019.09.18-02.05.58:237][  0]LogCollectionManager: Rebuilt the GUID cache for 0 collections in 0.000006 seconds
[2019.09.18-02.05.58:257][  0]LogContentBrowser: Native class hierarchy populated in 0.0179 seconds. Added 2863 classes and 680 folders.
[2019.09.18-02.05.58:281][  0]LogContentBrowser: Native class hierarchy updated for 'WidgetCarousel' in 0.0007 seconds. Added 0 classes and 0 folders.
[2019.09.18-02.05.58:539][  0]LogContentBrowser: Native class hierarchy updated for 'AddContentDialog' in 0.0008 seconds. Added 0 classes and 0 folders.
[2019.09.18-02.05.58:562][  0]LogContentBrowser: Native class hierarchy updated for 'SceneOutliner' in 0.0008 seconds. Added 1 classes and 2 folders.
[2019.09.18-02.05.58:631][  0]LogSlate: Took 0.002212 seconds to synchronously load lazily loaded font '../../../Engine/Content/Slate/Fonts/Roboto-Regular.ttf' (155K)
[2019.09.18-02.05.58:640][  0]LogSlate: Took 0.002109 seconds to synchronously load lazily loaded font '../../../Engine/Content/Slate/Fonts/Roboto-Bold.ttf' (160K)
[2019.09.18-02.05.58:651][  0]LogSlate: Took 0.001149 seconds to synchronously load lazily loaded font '../../../Engine/Content/Editor/Slate/Fonts/FontAwesome.ttf' (139K)
[2019.09.18-02.05.58:773][  0]LogRenderer: Reallocating scene render targets to support 920x480 Format 10 NumSamples 1 (Frame:1).
[2019.09.18-02.05.59:062][  0]LogContentBrowser: Native class hierarchy updated for 'HierarchicalLODOutliner' in 0.0005 seconds. Added 0 classes and 0 folders.
[2019.09.18-02.05.59:062][  0]LogLoad: (Engine Initialization) Total time: 45.38 seconds
[2019.09.18-02.05.59:062][  0]LogLoad: (Engine Initialization) Total Blueprint compile time: 0.00 seconds
[2019.09.18-02.05.59:140][  0]LogContentStreaming: Texture pool size now 1000 MB
[2019.09.18-02.05.59:194][  0]LogSlate: Took 0.001281 seconds to synchronously load lazily loaded font '../../../Engine/Content/Slate/Fonts/Roboto-Light.ttf' (167K)
[2019.09.18-02.05.59:504][  5]LogAssetRegistry: Asset discovery search completed in 24.9176 seconds
[2019.09.18-02.05.59:511][  5]LogCollectionManager: Rebuilt the object cache for 0 collections in 0.000011 seconds (found 0 objects)
[2019.09.18-02.05.59:511][  5]LogCollectionManager: Fixed up redirectors for 0 collections in 0.000135 seconds (updated 0 objects)
[2019.09.18-02.06.00:285][  8]LogSlate: Took 0.000744 seconds to synchronously load lazily loaded font '../../../Engine/Content/Slate/Fonts/Roboto-Light.ttf' (167K)
[2019.09.18-02.06.00:294][  8]LogAssetEditorManager: Opening Asset editor for Blueprint /Game/BulePrints/BP_Player.BP_Player
[2019.09.18-02.06.00:902][  8]LogContentBrowser: Native class hierarchy updated for 'BlueprintGraph' in 0.0019 seconds. Added 121 classes and 0 folders.
[2019.09.18-02.06.02:487][  8]LogSlate: Took 0.001375 seconds to synchronously load lazily loaded font '../../../Engine/Content/Slate/Fonts/Roboto-BoldCondensed.ttf' (158K)
[2019.09.18-02.06.02:815][  9]LogSlate: Took 0.001332 seconds to synchronously load lazily loaded font '../../../Engine/Content/Slate/Fonts/Roboto-Italic.ttf' (157K)
[2019.09.18-02.12.59:272][258]LogHttp: Warning: 0000025728AA4680: invalid HTTP response code received. URL: https://datarouter.ol.epicgames.com/datarouter/api/v1/public/data?SessionID=%7BD0C3D478-48E9-DC29-1E22-81B7347D11EC%7D&AppID=UEEditor.Rocket.Release&AppVersion=4.23.0-8386587%2B%2B%2BUE4%2BRelease-4.23&UserID=ebf3b58a4f9bf9dca1ba45a9f9cbf833%7C6cd29e672a584f96bacd2c98d8ebb62e%7C3eced006-bca4-4df5-8e1d-f2f6128de514&AppEnvironment=datacollector-binary&UploadType=eteventstream, HTTP code: 0, content length: -1, actual payload size: 0
[2019.09.18-02.12.59:272][258]LogHttp: Warning: 0000025728AA4680: request failed, libcurl error: 0 (No error)
[2019.09.18-02.12.59:272][258]LogHttp: Warning: 0000025728AA4680: libcurl info message cache 0 (Found bundle for host datarouter.ol.epicgames.com: 0x257415cbf70 [can pipeline])
[2019.09.18-02.12.59:272][258]LogHttp: Warning: 0000025728AA4680: libcurl info message cache 1 (Re-using existing connection! (#2) with host datarouter.ol.epicgames.com)
[2019.09.18-02.12.59:272][258]LogHttp: Warning: 0000025728AA4680: libcurl info message cache 2 (Connected to datarouter.ol.epicgames.com (52.54.243.91) port 443 (#2))
[2019.09.18-02.12.59:272][258]LogHttp: Warning: 0000025728AA4680: libcurl info message cache 3 (We are completely uploaded and fine)
[2019.09.18-02.12.59:272][258]LogHttp: Warning: 0000025728AA4680: libcurl info message cache 4 (TLSv1.2 (IN), TLS alert, Client hello (1):)
[2019.09.18-02.12.59:272][258]LogHttp: Warning: 0000025728AA4680: libcurl info message cache 5 (Connection died, retrying a fresh connect)
[2019.09.18-02.12.59:272][258]LogHttp: Warning: 0000025728AA4680: libcurl info message cache 6 (necessary data rewind wasn't possible)
[2019.09.18-02.12.59:272][258]LogHttp: Warning: 0000025728AA4680: libcurl info message cache 7 (Closing connection 2)
[2019.09.18-02.12.59:272][258]LogHttp: Warning: 0000025728AA4680: libcurl info message cache 8 (TLSv1.2 (OUT), TLS alert, Client hello (1):)
[2019.09.18-02.12.59:272][258]LogHttp: Warning: Retry exhausted on https://datarouter.ol.epicgames.com/datarouter/api/v1/public/data?SessionID=%7BD0C3D478-48E9-DC29-1E22-81B7347D11EC%7D&AppID=UEEditor.Rocket.Release&AppVersion=4.23.0-8386587%2B%2B%2BUE4%2BRelease-4.23&UserID=ebf3b58a4f9bf9dca1ba45a9f9cbf833%7C6cd29e672a584f96bacd2c98d8ebb62e%7C3eced006-bca4-4df5-8e1d-f2f6128de514&AppEnvironment=datacollector-binary&UploadType=eteventstream
[2019.09.18-02.17.10:272][ 10]LogHttp: Warning: 0000025728AA4F40: invalid HTTP response code received. URL: https://datarouter.ol.epicgames.com/datarouter/api/v1/public/data?SessionID=%7BD0C3D478-48E9-DC29-1E22-81B7347D11EC%7D&AppID=UEEditor.Rocket.Release&AppVersion=4.23.0-8386587%2B%2B%2BUE4%2BRelease-4.23&UserID=ebf3b58a4f9bf9dca1ba45a9f9cbf833%7C6cd29e672a584f96bacd2c98d8ebb62e%7C3eced006-bca4-4df5-8e1d-f2f6128de514&AppEnvironment=datacollector-binary&UploadType=eteventstream, HTTP code: 0, content length: -1, actual payload size: 0
[2019.09.18-02.17.10:272][ 10]LogHttp: Warning: 0000025728AA4F40: request failed, libcurl error: 6 (Couldn't resolve host name)
[2019.09.18-02.17.10:272][ 10]LogHttp: Warning: 0000025728AA4F40: libcurl info message cache 0 (Connection 3 seems to be dead!)
[2019.09.18-02.17.10:272][ 10]LogHttp: Warning: 0000025728AA4F40: libcurl info message cache 1 (Closing connection 3)
[2019.09.18-02.17.10:272][ 10]LogHttp: Warning: 0000025728AA4F40: libcurl info message cache 2 (TLSv1.2 (OUT), TLS alert, Client hello (1):)
[2019.09.18-02.17.10:272][ 10]LogHttp: Warning: 0000025728AA4F40: libcurl info message cache 3 (Could not resolve host: datarouter.ol.epicgames.com)
[2019.09.18-02.17.10:272][ 10]LogHttp: Warning: 0000025728AA4F40: libcurl info message cache 4 (Closing connection 4)
[2019.09.18-02.17.10:272][ 10]LogHttp: Warning: Retry exhausted on https://datarouter.ol.epicgames.com/datarouter/api/v1/public/data?SessionID=%7BD0C3D478-48E9-DC29-1E22-81B7347D11EC%7D&AppID=UEEditor.Rocket.Release&AppVersion=4.23.0-8386587%2B%2B%2BUE4%2BRelease-4.23&UserID=ebf3b58a4f9bf9dca1ba45a9f9cbf833%7C6cd29e672a584f96bacd2c98d8ebb62e%7C3eced006-bca4-4df5-8e1d-f2f6128de514&AppEnvironment=datacollector-binary&UploadType=eteventstream
[2019.09.18-02.23.00:075][ 59]LogHttp: Warning: 0000025728AA5080: invalid HTTP response code received. URL: https://datarouter.ol.epicgames.com/datarouter/api/v1/public/data?SessionID=%7BD0C3D478-48E9-DC29-1E22-81B7347D11EC%7D&AppID=UEEditor.Rocket.Release&AppVersion=4.23.0-8386587%2B%2B%2BUE4%2BRelease-4.23&UserID=ebf3b58a4f9bf9dca1ba45a9f9cbf833%7C6cd29e672a584f96bacd2c98d8ebb62e%7C3eced006-bca4-4df5-8e1d-f2f6128de514&AppEnvironment=datacollector-binary&UploadType=eteventstream, HTTP code: 0, content length: -1, actual payload size: 0
[2019.09.18-02.23.00:075][ 59]LogHttp: Warning: 0000025728AA5080: request failed, libcurl error: 0 (No error)
[2019.09.18-02.23.00:075][ 59]LogHttp: Warning: 0000025728AA5080: libcurl info message cache 0 (Found bundle for host datarouter.ol.epicgames.com: 0x257415cbf70 [can pipeline])
[2019.09.18-02.23.00:075][ 59]LogHttp: Warning: 0000025728AA5080: libcurl info message cache 1 (Re-using existing connection! (#6) with host datarouter.ol.epicgames.com)
[2019.09.18-02.23.00:075][ 59]LogHttp: Warning: 0000025728AA5080: libcurl info message cache 2 (Connected to datarouter.ol.epicgames.com (52.2.49.65) port 443 (#6))
[2019.09.18-02.23.00:075][ 59]LogHttp: Warning: 0000025728AA5080: libcurl info message cache 3 (We are completely uploaded and fine)
[2019.09.18-02.23.00:075][ 59]LogHttp: Warning: 0000025728AA5080: libcurl info message cache 4 (TLSv1.2 (IN), TLS alert, Client hello (1):)
[2019.09.18-02.23.00:075][ 59]LogHttp: Warning: 0000025728AA5080: libcurl info message cache 5 (Connection died, retrying a fresh connect)
[2019.09.18-02.23.00:075][ 59]LogHttp: Warning: 0000025728AA5080: libcurl info message cache 6 (necessary data rewind wasn't possible)
[2019.09.18-02.23.00:076][ 59]LogHttp: Warning: 0000025728AA5080: libcurl info message cache 7 (Closing connection 6)
[2019.09.18-02.23.00:076][ 59]LogHttp: Warning: 0000025728AA5080: libcurl info message cache 8 (TLSv1.2 (OUT), TLS alert, Client hello (1):)
[2019.09.18-02.23.00:408][ 60]LogHttp: Warning: Retry exhausted on https://datarouter.ol.epicgames.com/datarouter/api/v1/public/data?SessionID=%7BD0C3D478-48E9-DC29-1E22-81B7347D11EC%7D&AppID=UEEditor.Rocket.Release&AppVersion=4.23.0-8386587%2B%2B%2BUE4%2BRelease-4.23&UserID=ebf3b58a4f9bf9dca1ba45a9f9cbf833%7C6cd29e672a584f96bacd2c98d8ebb62e%7C3eced006-bca4-4df5-8e1d-f2f6128de514&AppEnvironment=datacollector-binary&UploadType=eteventstream
[2019.09.18-02.32.03:514][689]LogHttp: Warning: 0000025728AA4400: invalid HTTP response code received. URL: https://datarouter.ol.epicgames.com/datarouter/api/v1/public/data?SessionID=%7BD0C3D478-48E9-DC29-1E22-81B7347D11EC%7D&AppID=UEEditor.Rocket.Release&AppVersion=4.23.0-8386587%2B%2B%2BUE4%2BRelease-4.23&UserID=ebf3b58a4f9bf9dca1ba45a9f9cbf833%7C6cd29e672a584f96bacd2c98d8ebb62e%7C3eced006-bca4-4df5-8e1d-f2f6128de514&AppEnvironment=datacollector-binary&UploadType=eteventstream, HTTP code: 0, content length: -1, actual payload size: 0
[2019.09.18-02.32.03:514][689]LogHttp: Warning: 0000025728AA4400: request failed, libcurl error: 56 (Failure when receiving data from the peer)
[2019.09.18-02.32.03:514][689]LogHttp: Warning: 0000025728AA4400: libcurl info message cache 0 (Found bundle for host datarouter.ol.epicgames.com: 0x257415cbf70 [can pipeline])
[2019.09.18-02.32.03:514][689]LogHttp: Warning: 0000025728AA4400: libcurl info message cache 1 (Re-using existing connection! (#9) with host datarouter.ol.epicgames.com)
[2019.09.18-02.32.03:514][689]LogHttp: Warning: 0000025728AA4400: libcurl info message cache 2 (Connected to datarouter.ol.epicgames.com (52.23.98.45) port 443 (#9))
[2019.09.18-02.32.03:514][689]LogHttp: Warning: 0000025728AA4400: libcurl info message cache 3 (We are completely uploaded and fine)
[2019.09.18-02.32.03:514][689]LogHttp: Warning: 0000025728AA4400: libcurl info message cache 4 (OpenSSL SSL_read: SSL_ERROR_SYSCALL, errno 10054)
[2019.09.18-02.32.03:514][689]LogHttp: Warning: 0000025728AA4400: libcurl info message cache 5 (Connection died, retrying a fresh connect)
[2019.09.18-02.32.03:514][689]LogHttp: Warning: 0000025728AA4400: libcurl info message cache 6 (necessary data rewind wasn't possible)
[2019.09.18-02.32.03:514][689]LogHttp: Warning: 0000025728AA4400: libcurl info message cache 7 (Closing connection 9)
[2019.09.18-02.32.03:847][690]LogHttp: Warning: Retry exhausted on https://datarouter.ol.epicgames.com/datarouter/api/v1/public/data?SessionID=%7BD0C3D478-48E9-DC29-1E22-81B7347D11EC%7D&AppID=UEEditor.Rocket.Release&AppVersion=4.23.0-8386587%2B%2B%2BUE4%2BRelease-4.23&UserID=ebf3b58a4f9bf9dca1ba45a9f9cbf833%7C6cd29e672a584f96bacd2c98d8ebb62e%7C3eced006-bca4-4df5-8e1d-f2f6128de514&AppEnvironment=datacollector-binary&UploadType=eteventstream
[2019.09.18-02.39.10:284][379]LogSlate: FSceneViewport::OnFocusLost() reason 0
[2019.09.18-02.39.10:391][385]LogWorld: UWorld::CleanupWorld for World_2, bSessionEnded=true, bCleanupResources=true
[2019.09.18-02.41.46:165][926]LogSlate: Window 'Pick Parent Class' being destroyed
[2019.09.18-02.42.22:502][465]LogSlate: FSceneViewport::OnFocusLost() reason 0
[2019.09.18-02.42.22:674][467]LogAssetEditorManager: Opening Asset editor for Blueprint /Game/BulePrints/BP_collider.BP_collider
[2019.09.18-02.42.25:361][496]LogRenderer: Reallocating scene render targets to support 920x540 Format 10 NumSamples 1 (Frame:28).
[2019.09.18-02.42.25:671][511]LogSlate: Window 'BP_collider' being destroyed
[2019.09.18-02.42.32:985][825]LogSlate: FSceneViewport::OnFocusLost() reason 0
[2019.09.18-02.42.49:462][488]LogSlate: FSceneViewport::OnFocusLost() reason 0
[2019.09.18-02.42.49:505][490]BlueprintLog: New page: Compile BP_collider
[2019.09.18-02.42.50:069][490]LogUObjectHash: Compacting FUObjectHashTables data took  11.41ms
[2019.09.18-02.42.50:133][490]Cmd: OBJ SAVEPACKAGE PACKAGE="/Game/BulePrints/BP_collider" FILE="../../../../../../Users/76422/Desktop/Ball/UnRealDemo-master 4.23/Content/BulePrints/BP_collider.uasset" SILENT=true
[2019.09.18-02.42.50:186][490]LogSavePackage: Moving '../../../../../../Users/76422/Desktop/Ball/UnRealDemo-master 4.23/Saved/BP_colliderCC6B5E774054568FBB151CAFEC1D1927.tmp' to '../../../../../../Users/76422/Desktop/Ball/UnRealDemo-master 4.23/Content/BulePrints/BP_collider.uasset'
[2019.09.18-02.43.30:240][456]LogSlate: FSceneViewport::OnFocusLost() reason 0
[2019.09.18-02.43.34:492][568]LogSlate: FSceneViewport::OnFocusLost() reason 0
[2019.09.18-02.43.40:233][804]LogSlate: FSceneViewport::OnFocusLost() reason 0
[2019.09.18-02.43.59:325][827]LogHttp: Warning: 00000257562A4E00: invalid HTTP response code received. URL: https://datarouter.ol.epicgames.com/datarouter/api/v1/public/data?SessionID=%7BD0C3D478-48E9-DC29-1E22-81B7347D11EC%7D&AppID=UEEditor.Rocket.Release&AppVersion=4.23.0-8386587%2B%2B%2BUE4%2BRelease-4.23&UserID=ebf3b58a4f9bf9dca1ba45a9f9cbf833%7C6cd29e672a584f96bacd2c98d8ebb62e%7C3eced006-bca4-4df5-8e1d-f2f6128de514&AppEnvironment=datacollector-binary&UploadType=eteventstream, HTTP code: 0, content length: -1, actual payload size: 0
[2019.09.18-02.43.59:325][827]LogHttp: Warning: 00000257562A4E00: request failed, libcurl error: 0 (No error)
[2019.09.18-02.43.59:325][827]LogHttp: Warning: 00000257562A4E00: libcurl info message cache 0 (Found bundle for host datarouter.ol.epicgames.com: 0x257415cbf70 [can pipeline])
[2019.09.18-02.43.59:325][827]LogHttp: Warning: 00000257562A4E00: libcurl info message cache 1 (Re-using existing connection! (#13) with host datarouter.ol.epicgames.com)
[2019.09.18-02.43.59:325][827]LogHttp: Warning: 00000257562A4E00: libcurl info message cache 2 (Connected to datarouter.ol.epicgames.com (50.17.106.84) port 443 (#13))
[2019.09.18-02.43.59:325][827]LogHttp: Warning: 00000257562A4E00: libcurl info message cache 3 (We are completely uploaded and fine)
[2019.09.18-02.43.59:325][827]LogHttp: Warning: 00000257562A4E00: libcurl info message cache 4 (TLSv1.2 (IN), TLS alert, Client hello (1):)
[2019.09.18-02.43.59:325][827]LogHttp: Warning: 00000257562A4E00: libcurl info message cache 5 (Connection died, retrying a fresh connect)
[2019.09.18-02.43.59:325][827]LogHttp: Warning: 00000257562A4E00: libcurl info message cache 6 (necessary data rewind wasn't possible)
[2019.09.18-02.43.59:325][827]LogHttp: Warning: 00000257562A4E00: libcurl info message cache 7 (Closing connection 13)
[2019.09.18-02.43.59:325][827]LogHttp: Warning: 00000257562A4E00: libcurl info message cache 8 (TLSv1.2 (OUT), TLS alert, Client hello (1):)
[2019.09.18-02.43.59:342][828]LogHttp: Warning: Retry exhausted on https://datarouter.ol.epicgames.com/datarouter/api/v1/public/data?SessionID=%7BD0C3D478-48E9-DC29-1E22-81B7347D11EC%7D&AppID=UEEditor.Rocket.Release&AppVersion=4.23.0-8386587%2B%2B%2BUE4%2BRelease-4.23&UserID=ebf3b58a4f9bf9dca1ba45a9f9cbf833%7C6cd29e672a584f96bacd2c98d8ebb62e%7C3eced006-bca4-4df5-8e1d-f2f6128de514&AppEnvironment=datacollector-binary&UploadType=eteventstream
[2019.09.18-02.43.59:885][860]LogSlate: FSceneViewport::OnFocusLost() reason 0
[2019.09.18-02.44.06:157][204]LogSlate: FSceneViewport::OnFocusLost() reason 0
[2019.09.18-02.44.11:701][513]LogSlate: FSceneViewport::OnFocusLost() reason 0
[2019.09.18-02.44.21:396][ 22]LogSlate: FSceneViewport::OnFocusLost() reason 0
[2019.09.18-02.44.27:026][320]LogEditorViewport: Clicking on Actor (LMB): BP_collider_C (BP_collider)
[2019.09.18-02.44.43:547][176]LogSlate: FSceneViewport::OnFocusLost() reason 5
[2019.09.18-02.44.43:564][176]Cmd: OBJ SAVEPACKAGE PACKAGE="/Game/Maps/Level1" FILE="../../../../../../Users/76422/Desktop/Ball/UnRealDemo-master 4.23/Content/Maps/Level1.umap" SILENT=true AUTOSAVING=false KEEPDIRTY=false
[2019.09.18-02.44.43:628][176]LogUObjectHash: Compacting FUObjectHashTables data took   5.99ms
[2019.09.18-02.44.44:193][176]LogSavePackage: Moving '../../../../../../Users/76422/Desktop/Ball/UnRealDemo-master 4.23/Saved/Level109048B4D46A7ABD3F426D981B8E79DCF.tmp' to '../../../../../../Users/76422/Desktop/Ball/UnRealDemo-master 4.23/Content/Maps/Level1.umap'
[2019.09.18-02.44.44:257][176]Cmd: OBJ SAVEPACKAGE PACKAGE="/Game/Maps/Level1_BuiltData" FILE="../../../../../../Users/76422/Desktop/Ball/UnRealDemo-master 4.23/Content/Maps/Level1_BuiltData.uasset" SILENT=true
[2019.09.18-02.44.44:454][176]LogSavePackage: Moving '../../../../../../Users/76422/Desktop/Ball/UnRealDemo-master 4.23/Saved/Level1_BuiltData69517B6245411CCEC436CBAEE549F8FF.tmp' to '../../../../../../Users/76422/Desktop/Ball/UnRealDemo-master 4.23/Content/Maps/Level1_BuiltData.uasset'
[2019.09.18-02.45.46:691][675]Cmd: TRANSACTION UNDO
[2019.09.18-02.45.46:691][675]LogEditorTransaction: Undo Create Pin Link
[2019.09.18-02.46.32:084][180]BlueprintLog: New page: Compile BP_collider
[2019.09.18-02.46.32:579][180]LogUObjectHash: Compacting FUObjectHashTables data took   7.02ms
[2019.09.18-02.46.32:658][182]Cmd: OBJ SAVEPACKAGE PACKAGE="/Game/BulePrints/BP_collider" FILE="../../../../../../Users/76422/Desktop/Ball/UnRealDemo-master 4.23/Content/BulePrints/BP_collider.uasset" SILENT=true
[2019.09.18-02.46.32:712][182]LogSavePackage: Moving '../../../../../../Users/76422/Desktop/Ball/UnRealDemo-master 4.23/Saved/BP_colliderFF9D319C495A542770A6178E4DE4BEF6.tmp' to '../../../../../../Users/76422/Desktop/Ball/UnRealDemo-master 4.23/Content/BulePrints/BP_collider.uasset'
[2019.09.18-02.46.46:560][938]LogSlate: FSceneViewport::OnFocusLost() reason 5
[2019.09.18-02.46.46:573][938]Cmd: OBJ SAVEPACKAGE PACKAGE="/Game/Maps/Level1" FILE="../../../../../../Users/76422/Desktop/Ball/UnRealDemo-master 4.23/Content/Maps/Level1.umap" SILENT=true AUTOSAVING=false KEEPDIRTY=false
[2019.09.18-02.46.46:633][938]LogUObjectHash: Compacting FUObjectHashTables data took   5.39ms
[2019.09.18-02.46.47:171][938]LogSavePackage: Moving '../../../../../../Users/76422/Desktop/Ball/UnRealDemo-master 4.23/Saved/Level1D2D96C9A40FB290E7E042E87EB691C61.tmp' to '../../../../../../Users/76422/Desktop/Ball/UnRealDemo-master 4.23/Content/Maps/Level1.umap'
[2019.09.18-02.46.47:226][938]Cmd: OBJ SAVEPACKAGE PACKAGE="/Game/Maps/Level1_BuiltData" FILE="../../../../../../Users/76422/Desktop/Ball/UnRealDemo-master 4.23/Content/Maps/Level1_BuiltData.uasset" SILENT=true
[2019.09.18-02.46.47:386][938]LogSavePackage: Moving '../../../../../../Users/76422/Desktop/Ball/UnRealDemo-master 4.23/Saved/Level1_BuiltDataC5799B4843F5D740CEABF29DCB8C461E.tmp' to '../../../../../../Users/76422/Desktop/Ball/UnRealDemo-master 4.23/Content/Maps/Level1_BuiltData.uasset'
[2019.09.18-02.46.54:854][155]LogSlate: FSceneViewport::OnFocusLost() reason 0
[2019.09.18-02.46.54:948][157]LogTemp: Repeating last play command: Simulate
[2019.09.18-02.46.54:979][157]LogBlueprintUserMessages: Early PlayInEditor Detection: Level '/Game/Maps/Level1.Level1:PersistentLevel' has LevelScriptBlueprint '/Game/Maps/Level1.Level1:PersistentLevel.Level1' with GeneratedClass '/Game/Maps/Level1.Level1_C' with ClassGeneratedBy '/Game/Maps/Level1.Level1:PersistentLevel.Level1'
[2019.09.18-02.46.54:980][157]LogPlayLevel: PlayLevel: No blueprints needed recompiling
[2019.09.18-02.46.54:987][157]PIE: New page: SIE session: Level1 (2019年9月18日 下午6:46:54)
[2019.09.18-02.46.54:994][157]LogOnline: OSS: Creating online subsystem instance for: NULL
[2019.09.18-02.46.55:000][157]LogPlayLevel: Creating play world package: /Game/Maps/UEDPIE_0_Level1
[2019.09.18-02.46.55:037][157]LogPlayLevel: PIE: StaticDuplicateObject took: (0.036888s)
[2019.09.18-02.46.55:040][157]LogAIModule: Creating AISystem for world Level1
[2019.09.18-02.46.55:041][157]LogPlayLevel: PIE: World Init took: (0.003708s)
[2019.09.18-02.46.55:042][157]LogPlayLevel: PIE: Created PIE world by copying editor world from /Game/Maps/Level1.Level1 to /Game/Maps/UEDPIE_0_Level1.Level1 (0.042056s)
[2019.09.18-02.46.55:104][157]LogUObjectHash: Compacting FUObjectHashTables data took   7.00ms
[2019.09.18-02.46.55:123][157]LogInit: XAudio2 using '扬声器 (2- Realtek High Definition Audio)' : 2 channels at 48 kHz using 16 bits per sample (channel mask 0x3)
[2019.09.18-02.46.55:165][157]LogInit: FAudioDevice initialized.
[2019.09.18-02.46.55:211][157]LogLoad: Game class is 'BP_GameMode_C'
[2019.09.18-02.46.55:224][157]LogWorld: Bringing World /Game/Maps/UEDPIE_0_Level1.Level1 up for play (max tick rate 60) at 2019.09.18-10.46.55
[2019.09.18-02.46.55:229][157]LogWorld: Bringing up level for play took: 0.008277
[2019.09.18-02.46.55:230][157]LogOnline: OSS: Creating online subsystem instance for: :Context_6
[2019.09.18-02.46.55:278][157]LogContentBrowser: Native class hierarchy updated for 'MovieSceneCapture' in 0.0018 seconds. Added 20 classes and 0 folders.
[2019.09.18-02.46.55:283][157]PIE: Play in editor start time for /Game/Maps/UEDPIE_0_Level1 -0.635
[2019.09.18-02.46.55:312][157]LogBlueprintUserMessages: Late PlayInEditor Detection: Level '/Game/Maps/Level1.Level1:PersistentLevel' has LevelScriptBlueprint '/Game/Maps/Level1.Level1:PersistentLevel.Level1' with GeneratedClass '/Game/Maps/Level1.Level1_C' with ClassGeneratedBy '/Game/Maps/Level1.Level1:PersistentLevel.Level1'
[2019.09.18-02.47.01:382][314]LogNet: Browse: /Game/Maps/Level1
[2019.09.18-02.47.01:384][314]LogLoad: LoadMap: /Game/Maps/Level1
[2019.09.18-02.47.01:384][314]LogWorld: BeginTearingDown for /Game/Maps/UEDPIE_0_Level1
[2019.09.18-02.47.01:386][314]LogWorld: UWorld::CleanupWorld for Level1, bSessionEnded=true, bCleanupResources=true
[2019.09.18-02.47.01:566][314]LogUObjectHash: Compacting FUObjectHashTables data took   9.39ms
[2019.09.18-02.47.01:568][314]LogPlayLevel: Creating play world package: /Game/Maps/UEDPIE_0_Level1
[2019.09.18-02.47.01:610][314]LogPlayLevel: PIE: StaticDuplicateObject took: (0.039912s)
[2019.09.18-02.47.01:612][314]LogAIModule: Creating AISystem for world Level1
[2019.09.18-02.47.01:613][314]LogPlayLevel: PIE: World Init took: (0.002595s)
[2019.09.18-02.47.01:613][314]LogPlayLevel: PIE: Created PIE world by copying editor world from /Game/Maps/Level1.Level1 to /Game/Maps/UEDPIE_0_Level1.Level1 (0.044922s)
[2019.09.18-02.47.01:613][314]LogLoad: Game class is 'BP_GameMode_C'
[2019.09.18-02.47.01:619][314]LogWorld: Bringing World /Game/Maps/UEDPIE_0_Level1.Level1 up for play (max tick rate 60) at 2019.09.18-10.47.01
[2019.09.18-02.47.01:620][314]LogWorld: Bringing up level for play took: 0.005064
[2019.09.18-02.47.01:624][314]LogLoad: Took 0.240219 seconds to LoadMap(/Game/Maps/UEDPIE_0_Level1)
[2019.09.18-02.47.06:082][456]LogNet: Browse: /Game/Maps/Level1
[2019.09.18-02.47.06:083][456]LogLoad: LoadMap: /Game/Maps/Level1
[2019.09.18-02.47.06:083][456]LogWorld: BeginTearingDown for /Game/Maps/UEDPIE_0_Level1
[2019.09.18-02.47.06:084][456]LogWorld: UWorld::CleanupWorld for Level1, bSessionEnded=true, bCleanupResources=true
[2019.09.18-02.47.06:199][456]LogUObjectHash: Compacting FUObjectHashTables data took   7.40ms
[2019.09.18-02.47.06:200][456]LogPlayLevel: Creating play world package: /Game/Maps/UEDPIE_0_Level1
[2019.09.18-02.47.06:240][456]LogPlayLevel: PIE: StaticDuplicateObject took: (0.037476s)
[2019.09.18-02.47.06:242][456]LogAIModule: Creating AISystem for world Level1
[2019.09.18-02.47.06:242][456]LogPlayLevel: PIE: World Init took: (0.001938s)
[2019.09.18-02.47.06:242][456]LogPlayLevel: PIE: Created PIE world by copying editor world from /Game/Maps/Level1.Level1 to /Game/Maps/UEDPIE_0_Level1.Level1 (0.042496s)
[2019.09.18-02.47.06:243][456]LogLoad: Game class is 'BP_GameMode_C'
[2019.09.18-02.47.06:248][456]LogWorld: Bringing World /Game/Maps/UEDPIE_0_Level1.Level1 up for play (max tick rate 60) at 2019.09.18-10.47.06
[2019.09.18-02.47.06:249][456]LogWorld: Bringing up level for play took: 0.004633
[2019.09.18-02.47.06:252][456]LogLoad: Took 0.169446 seconds to LoadMap(/Game/Maps/UEDPIE_0_Level1)
[2019.09.18-02.47.08:284][520]LogBlueprintUserMessages: Early EndPlayMap Detection: Level '/Game/Maps/Level1.Level1:PersistentLevel' has LevelScriptBlueprint '/Game/Maps/Level1.Level1:PersistentLevel.Level1' with GeneratedClass '/Game/Maps/Level1.Level1_C' with ClassGeneratedBy '/Game/Maps/Level1.Level1:PersistentLevel.Level1'
[2019.09.18-02.47.08:285][520]LogSlate: Updating window title bar state: overlay mode, drag disabled, window buttons hidden, title bar hidden
[2019.09.18-02.47.08:286][520]LogWorld: BeginTearingDown for /Game/Maps/UEDPIE_0_Level1
[2019.09.18-02.47.08:286][520]LogWorld: UWorld::CleanupWorld for Level1, bSessionEnded=true, bCleanupResources=true
[2019.09.18-02.47.08:369][520]LogPlayLevel: Display: Shutting down PIE online subsystems
[2019.09.18-02.47.08:370][520]LogBlueprintUserMessages: Late EndPlayMap Detection: Level '/Game/Maps/Level1.Level1:PersistentLevel' has LevelScriptBlueprint '/Game/Maps/Level1.Level1:PersistentLevel.Level1' with GeneratedClass '/Game/Maps/Level1.Level1_C' with ClassGeneratedBy '/Game/Maps/Level1.Level1:PersistentLevel.Level1'
[2019.09.18-02.47.08:462][520]LogSlate: Updating window title bar state: overlay mode, drag disabled, window buttons hidden, title bar hidden
[2019.09.18-02.47.08:470][520]LogUObjectHash: Compacting FUObjectHashTables data took   5.49ms
[2019.09.18-02.47.08:515][521]LogPlayLevel: Display: Destroying online subsystem :Context_6
[2019.09.18-02.47.14:106][629]LogSlate: FSceneViewport::OnFocusLost() reason 5
[2019.09.18-02.48.13:200][852]LogEditorTransaction: Undo Add Node
[2019.09.18-02.48.40:601][292]LogEditorTransaction: Undo Add Node
[2019.09.18-02.49.45:350][872]Cmd: TRANSACTION UNDO
[2019.09.18-02.49.45:350][872]LogEditorTransaction: Undo Create Pin Link
[2019.09.18-02.50.00:750][782]Cmd: OBJ SAVEPACKAGE PACKAGE="/Game/BulePrints/BP_collider" FILE="../../../../../../Users/76422/Desktop/Ball/UnRealDemo-master 4.23/Content/BulePrints/BP_collider.uasset" SILENT=true
[2019.09.18-02.50.00:813][782]LogSavePackage: Moving '../../../../../../Users/76422/Desktop/Ball/UnRealDemo-master 4.23/Saved/BP_collider2AC8D4C74144E403B9DA7E8CF2F34B73.tmp' to '../../../../../../Users/76422/Desktop/Ball/UnRealDemo-master 4.23/Content/BulePrints/BP_collider.uasset'
[2019.09.18-02.50.03:092][850]Cmd: OBJ SAVEPACKAGE PACKAGE="/Game/Maps/Level1" FILE="../../../../../../Users/76422/Desktop/Ball/UnRealDemo-master 4.23/Content/Maps/Level1.umap" SILENT=true AUTOSAVING=false KEEPDIRTY=false
[2019.09.18-02.50.03:161][850]LogUObjectHash: Compacting FUObjectHashTables data took   7.93ms
[2019.09.18-02.50.03:810][850]LogSavePackage: Moving '../../../../../../Users/76422/Desktop/Ball/UnRealDemo-master 4.23/Saved/Level1D42ED0F54357B4F0E962A1870E450500.tmp' to '../../../../../../Users/76422/Desktop/Ball/UnRealDemo-master 4.23/Content/Maps/Level1.umap'
[2019.09.18-02.50.03:873][850]Cmd: OBJ SAVEPACKAGE PACKAGE="/Game/Maps/Level1_BuiltData" FILE="../../../../../../Users/76422/Desktop/Ball/UnRealDemo-master 4.23/Content/Maps/Level1_BuiltData.uasset" SILENT=true
[2019.09.18-02.50.04:050][850]LogSavePackage: Moving '../../../../../../Users/76422/Desktop/Ball/UnRealDemo-master 4.23/Saved/Level1_BuiltData0B6B0FC548C650A0415CC1BAD7478852.tmp' to '../../../../../../Users/76422/Desktop/Ball/UnRealDemo-master 4.23/Content/Maps/Level1_BuiltData.uasset'
[2019.09.18-02.50.05:242][875]LogTemp: Repeating last play command: Simulate
[2019.09.18-02.50.05:409][875]LogBlueprintUserMessages: Early PlayInEditor Detection: Level '/Game/Maps/Level1.Level1:PersistentLevel' has LevelScriptBlueprint '/Game/Maps/Level1.Level1:PersistentLevel.Level1' with GeneratedClass '/Game/Maps/Level1.Level1_C' with ClassGeneratedBy '/Game/Maps/Level1.Level1:PersistentLevel.Level1'
[2019.09.18-02.50.05:410][875]BlueprintLog: New page: Pre-Play auto-recompile
[2019.09.18-02.50.05:411][875]LogPlayLevel: [PlayLevel] Compiling BP_collider before play...
[2019.09.18-02.50.06:004][875]LogUObjectHash: Compacting FUObjectHashTables data took   8.46ms
[2019.09.18-02.50.06:004][875]LogPlayLevel: PlayLevel: Blueprint regeneration took 594 ms (1 blueprints)
[2019.09.18-02.50.06:004][875]PIE: New page: SIE session: Level1 (2019年9月18日 下午6:50:06)
[2019.09.18-02.50.06:005][875]LogPlayLevel: Creating play world package: /Game/Maps/UEDPIE_0_Level1
[2019.09.18-02.50.06:035][875]LogPlayLevel: PIE: StaticDuplicateObject took: (0.030109s)
[2019.09.18-02.50.06:036][875]LogAIModule: Creating AISystem for world Level1
[2019.09.18-02.50.06:037][875]LogPlayLevel: PIE: World Init took: (0.001803s)
[2019.09.18-02.50.06:037][875]LogPlayLevel: PIE: Created PIE world by copying editor world from /Game/Maps/Level1.Level1 to /Game/Maps/UEDPIE_0_Level1.Level1 (0.032161s)
[2019.09.18-02.50.06:107][875]LogUObjectHash: Compacting FUObjectHashTables data took   7.90ms
[2019.09.18-02.50.06:128][875]LogInit: XAudio2 using '扬声器 (2- Realtek High Definition Audio)' : 2 channels at 48 kHz using 16 bits per sample (channel mask 0x3)
[2019.09.18-02.50.06:174][875]LogInit: FAudioDevice initialized.
[2019.09.18-02.50.06:191][875]LogLoad: Game class is 'BP_GameMode_C'
[2019.09.18-02.50.06:196][875]LogWorld: Bringing World /Game/Maps/UEDPIE_0_Level1.Level1 up for play (max tick rate 60) at 2019.09.18-10.50.06
[2019.09.18-02.50.06:197][875]LogWorld: Bringing up level for play took: 0.004622
[2019.09.18-02.50.06:197][875]LogOnline: OSS: Creating online subsystem instance for: :Context_7
[2019.09.18-02.50.06:202][875]PIE: Play in editor start time for /Game/Maps/UEDPIE_0_Level1 0.284
[2019.09.18-02.50.06:205][875]LogBlueprintUserMessages: Late PlayInEditor Detection: Level '/Game/Maps/Level1.Level1:PersistentLevel' has LevelScriptBlueprint '/Game/Maps/Level1.Level1:PersistentLevel.Level1' with GeneratedClass '/Game/Maps/Level1.Level1_C' with ClassGeneratedBy '/Game/Maps/Level1.Level1:PersistentLevel.Level1'
[2019.09.18-02.50.10:588][  7]LogNet: Browse: /Game/Maps/Level1
[2019.09.18-02.50.10:588][  7]LogLoad: LoadMap: /Game/Maps/Level1
[2019.09.18-02.50.10:589][  7]LogWorld: BeginTearingDown for /Game/Maps/UEDPIE_0_Level1
[2019.09.18-02.50.10:589][  7]LogWorld: UWorld::CleanupWorld for Level1, bSessionEnded=true, bCleanupResources=true
[2019.09.18-02.50.10:694][  7]LogUObjectHash: Compacting FUObjectHashTables data took   7.48ms
[2019.09.18-02.50.10:695][  7]LogPlayLevel: Creating play world package: /Game/Maps/UEDPIE_0_Level1
[2019.09.18-02.50.10:731][  7]LogPlayLevel: PIE: StaticDuplicateObject took: (0.034713s)
[2019.09.18-02.50.10:732][  7]LogAIModule: Creating AISystem for world Level1
[2019.09.18-02.50.10:733][  7]LogPlayLevel: PIE: World Init took: (0.001826s)
[2019.09.18-02.50.10:733][  7]LogPlayLevel: PIE: Created PIE world by copying editor world from /Game/Maps/Level1.Level1 to /Game/Maps/UEDPIE_0_Level1.Level1 (0.036861s)
[2019.09.18-02.50.10:733][  7]LogLoad: Game class is 'BP_GameMode_C'
[2019.09.18-02.50.10:738][  7]LogWorld: Bringing World /Game/Maps/UEDPIE_0_Level1.Level1 up for play (max tick rate 60) at 2019.09.18-10.50.10
[2019.09.18-02.50.10:739][  7]LogWorld: Bringing up level for play took: 0.004565
[2019.09.18-02.50.10:742][  7]LogLoad: Took 0.153345 seconds to LoadMap(/Game/Maps/UEDPIE_0_Level1)
[2019.09.18-02.50.12:440][ 60]LogBlueprintUserMessages: Early EndPlayMap Detection: Level '/Game/Maps/Level1.Level1:PersistentLevel' has LevelScriptBlueprint '/Game/Maps/Level1.Level1:PersistentLevel.Level1' with GeneratedClass '/Game/Maps/Level1.Level1_C' with ClassGeneratedBy '/Game/Maps/Level1.Level1:PersistentLevel.Level1'
[2019.09.18-02.50.12:441][ 60]LogSlate: Updating window title bar state: overlay mode, drag disabled, window buttons hidden, title bar hidden
[2019.09.18-02.50.12:441][ 60]LogWorld: BeginTearingDown for /Game/Maps/UEDPIE_0_Level1
[2019.09.18-02.50.12:441][ 60]LogWorld: UWorld::CleanupWorld for Level1, bSessionEnded=true, bCleanupResources=true
[2019.09.18-02.50.12:535][ 60]LogPlayLevel: Display: Shutting down PIE online subsystems
[2019.09.18-02.50.12:536][ 60]LogBlueprintUserMessages: Late EndPlayMap Detection: Level '/Game/Maps/Level1.Level1:PersistentLevel' has LevelScriptBlueprint '/Game/Maps/Level1.Level1:PersistentLevel.Level1' with GeneratedClass '/Game/Maps/Level1.Level1_C' with ClassGeneratedBy '/Game/Maps/Level1.Level1:PersistentLevel.Level1'
[2019.09.18-02.50.12:618][ 60]LogSlate: Updating window title bar state: overlay mode, drag disabled, window buttons hidden, title bar hidden
[2019.09.18-02.50.12:627][ 60]LogUObjectHash: Compacting FUObjectHashTables data took   7.14ms
[2019.09.18-02.50.12:678][ 61]LogPlayLevel: Display: Destroying online subsystem :Context_7
[2019.09.18-02.50.14:796][108]LogSlate: FSceneViewport::OnFocusLost() reason 0
[2019.09.18-02.50.14:965][110]Cmd: OBJ SAVEPACKAGE PACKAGE="/Game/Maps/Level1" FILE="../../../../../../Users/76422/Desktop/Ball/UnRealDemo-master 4.23/Content/Maps/Level1.umap" SILENT=true AUTOSAVING=false KEEPDIRTY=false
[2019.09.18-02.50.15:041][110]LogUObjectHash: Compacting FUObjectHashTables data took   2.56ms
[2019.09.18-02.50.15:654][110]LogSavePackage: Moving '../../../../../../Users/76422/Desktop/Ball/UnRealDemo-master 4.23/Saved/Level17C5C08D6421310B4C8AA8AAF539EAC59.tmp' to '../../../../../../Users/76422/Desktop/Ball/UnRealDemo-master 4.23/Content/Maps/Level1.umap'
[2019.09.18-02.50.15:701][110]Cmd: OBJ SAVEPACKAGE PACKAGE="/Game/Maps/Level1_BuiltData" FILE="../../../../../../Users/76422/Desktop/Ball/UnRealDemo-master 4.23/Content/Maps/Level1_BuiltData.uasset" SILENT=true
[2019.09.18-02.50.15:826][110]LogSavePackage: Moving '../../../../../../Users/76422/Desktop/Ball/UnRealDemo-master 4.23/Saved/Level1_BuiltData1E6BAECF488A40E127E495AEAB0FFF72.tmp' to '../../../../../../Users/76422/Desktop/Ball/UnRealDemo-master 4.23/Content/Maps/Level1_BuiltData.uasset'
